2025-07-12 19:23:37 INFO  c.N.S.Service.CandidateService - Candidate found with email: brn81@gmail.com
2025-07-12 19:28:21 INFO  c.N.S.Service.CandidateService - Candidate found with email: brn91@gmail.com
2025-07-12 19:34:01 INFO  c.N.S.Service.CandidateService - Candidate found with email: brn101@gmail.com
2025-07-12 19:37:25 INFO  c.N.S.Service.CandidateService - Candidate found with email: brn102@gmail.com
2025-07-12 19:53:17 INFO  c.N.S.Service.CandidateService - Candidate found with email: brn104@gmail.com
2025-07-12 19:55:59 INFO  c.N.S.Service.CandidateService - Candidate found with email: brn105@gmail.com
<<<<<<< HEAD
2025-07-13 14:49:43 INFO  c.N.S.Service.CandidateService - Candidate found with email: brn106@gmail.com
=======
2025-07-13 19:21:57 INFO  c.N.S.Service.CandidateService - Candidate found with email: test@test.com
2025-07-13 20:55:06 INFO  c.N.S.Service.CandidateService - Candidate found with email: ronald_costa96@hotmail.com
>>>>>>> origin/BFuruya
2025-07-14 22:56:41 INFO  c.N.S.Service.CandidateService - Candidate found with email: brn108@gmail.com
2025-07-15 00:12:19 INFO  c.N.S.Service.CandidateService - Candidate found with email: brn109@gmail.com
2025-07-15 00:13:04 INFO  c.N.S.Service.CandidateService - Candidate found with email: brn110@gmail.com
2025-07-15 11:03:47 INFO  c.N.S.Service.CandidateService - Candidate found with email: brn122@gmail.com
2025-07-15 11:05:56 INFO  c.N.S.Service.CandidateService - Candidate found with email: brn132@gmail.com
2025-07-15 11:31:55 INFO  c.N.S.Service.CandidateService - Candidate found with email: brn1223@gmail.com
<<<<<<< HEAD
2025-07-15 12:30:37 INFO  c.N.S.Service.CandidateService - Candidate found with email: brn132@gmail.com
2025-07-15 16:14:42 INFO  c.N.S.Service.CandidateService - Candidate found with email: brn1@gmail.com
=======
2025-07-17 09:08:51 INFO  c.N.S.Service.CandidateService - Candidate found with email: hamilton@techcorp.com
>>>>>>> HPinto
2025-07-19 16:16:07 INFO  c.N.S.Service.CandidateService - Candidate found with email: ronald_costa96@hotmail.com
