2025-07-16 09:46:44 ERROR [http-nio-8080-exec-3] c.N.S.s.JwtAuthenticationFilter - Authentication failed
2025-07-16 09:46:44 ERROR [http-nio-8080-exec-4] c.N.S.s.JwtAuthenticationFilter - Authentication failed
2025-07-16 09:46:46 ERROR [http-nio-8080-exec-5] c.N.S.s.JwtAuthenticationFilter - Authentication failed
2025-07-16 09:46:46 ERROR [http-nio-8080-exec-7] c.N.S.s.JwtAuthenticationFilter - Authentication failed
2025-07-16 09:46:46 ERROR [http-nio-8080-exec-8] c.N.S.s.JwtAuthenticationFilter - Authentication failed
2025-07-16 09:48:03 ERROR [http-nio-8080-exec-4] c.N.S.s.JwtAuthenticationFilter - Authentication failed
2025-07-16 09:48:03 ERROR [http-nio-8080-exec-3] c.N.S.s.JwtAuthenticationFilter - Authentication failed
2025-07-16 09:50:17 ERROR [http-nio-8080-exec-8] c.N.S.s.JwtAuthenticationFilter - Authentication failed
2025-07-16 09:50:17 ERROR [http-nio-8080-exec-10] c.N.S.s.JwtAuthenticationFilter - Authentication failed
2025-07-16 09:50:22 ERROR [http-nio-8080-exec-2] c.N.S.s.JwtAuthenticationFilter - Authentication failed
2025-07-16 09:50:22 ERROR [http-nio-8080-exec-3] c.N.S.s.JwtAuthenticationFilter - Authentication failed
2025-07-16 09:51:33 ERROR [http-nio-8080-exec-7] c.N.S.s.JwtAuthenticationFilter - Authentication failed
2025-07-16 09:51:33 ERROR [http-nio-8080-exec-8] c.N.S.s.JwtAuthenticationFilter - Authentication failed
2025-07-16 09:51:34 ERROR [http-nio-8080-exec-10] c.N.S.s.JwtAuthenticationFilter - Authentication failed
2025-07-16 09:51:34 ERROR [http-nio-8080-exec-1] c.N.S.s.JwtAuthenticationFilter - Authentication failed
2025-07-16 09:52:55 ERROR [http-nio-8080-exec-5] c.N.S.s.JwtAuthenticationFilter - Authentication failed
2025-07-16 09:52:55 ERROR [http-nio-8080-exec-6] c.N.S.s.JwtAuthenticationFilter - Authentication failed
2025-07-16 10:01:43 ERROR [http-nio-8080-exec-10] c.N.S.s.JwtAuthenticationFilter - Authentication failed
2025-07-16 10:01:43 ERROR [http-nio-8080-exec-1] c.N.S.s.JwtAuthenticationFilter - Authentication failed
2025-07-16 10:02:00 ERROR [http-nio-8080-exec-6] c.N.S.s.JwtAuthenticationFilter - Authentication failed
2025-07-16 10:02:00 ERROR [http-nio-8080-exec-7] c.N.S.s.JwtAuthenticationFilter - Authentication failed
2025-07-16 10:02:57 ERROR [http-nio-8080-exec-5] c.N.S.s.JwtAuthenticationFilter - Authentication failed
2025-07-16 10:02:57 ERROR [http-nio-8080-exec-3] c.N.S.s.JwtAuthenticationFilter - Authentication failed
2025-07-16 10:03:10 ERROR [http-nio-8080-exec-8] c.N.S.s.JwtAuthenticationFilter - Authentication failed
2025-07-16 10:03:10 ERROR [http-nio-8080-exec-10] c.N.S.s.JwtAuthenticationFilter - Authentication failed
2025-07-16 10:03:14 ERROR [http-nio-8080-exec-1] c.N.S.s.JwtAuthenticationFilter - Authentication failed
2025-07-16 10:03:14 ERROR [http-nio-8080-exec-3] c.N.S.s.JwtAuthenticationFilter - Authentication failed
2025-07-16 10:03:43 ERROR [http-nio-8080-exec-9] c.N.S.s.JwtAuthenticationFilter - Authentication failed
2025-07-16 10:03:43 ERROR [http-nio-8080-exec-7] c.N.S.s.JwtAuthenticationFilter - Authentication failed
2025-07-16 10:15:17 ERROR [http-nio-8080-exec-2] c.N.S.s.JwtAuthenticationFilter - Authentication failed
2025-07-16 10:15:17 ERROR [http-nio-8080-exec-3] c.N.S.s.JwtAuthenticationFilter - Authentication failed
2025-07-16 10:15:18 ERROR [http-nio-8080-exec-5] c.N.S.s.JwtAuthenticationFilter - Authentication failed
2025-07-16 10:15:18 ERROR [http-nio-8080-exec-6] c.N.S.s.JwtAuthenticationFilter - Authentication failed
2025-07-16 10:15:19 ERROR [http-nio-8080-exec-4] c.N.S.s.JwtAuthenticationFilter - Authentication failed
2025-07-16 10:15:20 ERROR [http-nio-8080-exec-7] c.N.S.s.JwtAuthenticationFilter - Authentication failed
2025-07-16 10:15:20 ERROR [http-nio-8080-exec-9] c.N.S.s.JwtAuthenticationFilter - Authentication failed
2025-07-16 10:15:20 ERROR [http-nio-8080-exec-8] c.N.S.s.JwtAuthenticationFilter - Authentication failed
2025-07-16 10:15:20 ERROR [http-nio-8080-exec-10] c.N.S.s.JwtAuthenticationFilter - Authentication failed
2025-07-16 10:15:20 ERROR [http-nio-8080-exec-3] c.N.S.s.JwtAuthenticationFilter - Authentication failed
2025-07-16 10:15:20 ERROR [http-nio-8080-exec-5] c.N.S.s.JwtAuthenticationFilter - Authentication failed
2025-07-16 10:15:20 ERROR [http-nio-8080-exec-6] c.N.S.s.JwtAuthenticationFilter - Authentication failed
2025-07-16 10:15:20 ERROR [http-nio-8080-exec-2] c.N.S.s.JwtAuthenticationFilter - Authentication failed
2025-07-16 10:15:20 ERROR [http-nio-8080-exec-1] c.N.S.s.JwtAuthenticationFilter - Authentication failed
2025-07-16 10:15:21 ERROR [http-nio-8080-exec-4] c.N.S.s.JwtAuthenticationFilter - Authentication failed
2025-07-16 10:15:21 ERROR [http-nio-8080-exec-3] c.N.S.s.JwtAuthenticationFilter - Authentication failed
2025-07-16 10:15:21 ERROR [http-nio-8080-exec-9] c.N.S.s.JwtAuthenticationFilter - Authentication failed
2025-07-16 10:15:21 ERROR [http-nio-8080-exec-10] c.N.S.s.JwtAuthenticationFilter - Authentication failed
2025-07-16 10:15:21 ERROR [http-nio-8080-exec-8] c.N.S.s.JwtAuthenticationFilter - Authentication failed
2025-07-16 10:15:21 ERROR [http-nio-8080-exec-5] c.N.S.s.JwtAuthenticationFilter - Authentication failed
2025-07-16 10:15:21 ERROR [http-nio-8080-exec-2] c.N.S.s.JwtAuthenticationFilter - Authentication failed
2025-07-16 10:15:21 ERROR [http-nio-8080-exec-6] c.N.S.s.JwtAuthenticationFilter - Authentication failed
2025-07-16 10:15:21 ERROR [http-nio-8080-exec-4] c.N.S.s.JwtAuthenticationFilter - Authentication failed
2025-07-16 10:15:21 ERROR [http-nio-8080-exec-9] c.N.S.s.JwtAuthenticationFilter - Authentication failed
2025-07-16 10:15:21 ERROR [http-nio-8080-exec-3] c.N.S.s.JwtAuthenticationFilter - Authentication failed
2025-07-16 10:15:21 ERROR [http-nio-8080-exec-1] c.N.S.s.JwtAuthenticationFilter - Authentication failed
2025-07-16 10:15:22 ERROR [http-nio-8080-exec-10] c.N.S.s.JwtAuthenticationFilter - Authentication failed
2025-07-16 10:15:22 ERROR [http-nio-8080-exec-5] c.N.S.s.JwtAuthenticationFilter - Authentication failed
2025-07-16 10:15:22 ERROR [http-nio-8080-exec-7] c.N.S.s.JwtAuthenticationFilter - Authentication failed
2025-07-16 10:15:22 ERROR [http-nio-8080-exec-8] c.N.S.s.JwtAuthenticationFilter - Authentication failed
2025-07-16 10:15:22 ERROR [http-nio-8080-exec-2] c.N.S.s.JwtAuthenticationFilter - Authentication failed
2025-07-16 10:15:22 ERROR [http-nio-8080-exec-9] c.N.S.s.JwtAuthenticationFilter - Authentication failed
2025-07-16 10:15:22 ERROR [http-nio-8080-exec-4] c.N.S.s.JwtAuthenticationFilter - Authentication failed
2025-07-16 10:15:22 ERROR [http-nio-8080-exec-6] c.N.S.s.JwtAuthenticationFilter - Authentication failed
2025-07-16 10:15:23 ERROR [http-nio-8080-exec-3] c.N.S.s.JwtAuthenticationFilter - Authentication failed
2025-07-16 10:15:24 ERROR [http-nio-8080-exec-1] c.N.S.s.JwtAuthenticationFilter - Authentication failed
2025-07-16 10:27:36 ERROR [restartedMain] o.s.boot.SpringApplication - Application run failed
org.springframework.beans.factory.BeanCreationException: Error creating bean with name 'applicationController' defined in file [C:\Users\DevProjApi\target\classes\com\Natixis\SkillBridge\controllers\ApplicationController.class]: Unexpected exception during bean creation
	at org.springframework.beans.factory.support.AbstractAutowireCapableBeanFactory.createBean(AbstractAutowireCapableBeanFactory.java:542)
	at org.springframework.beans.factory.support.AbstractBeanFactory.lambda$doGetBean$0(AbstractBeanFactory.java:339)
	at org.springframework.beans.factory.support.DefaultSingletonBeanRegistry.getSingleton(DefaultSingletonBeanRegistry.java:373)
	at org.springframework.beans.factory.support.AbstractBeanFactory.doGetBean(AbstractBeanFactory.java:337)
	at org.springframework.beans.factory.support.AbstractBeanFactory.getBean(AbstractBeanFactory.java:202)
	at org.springframework.beans.factory.support.DefaultListableBeanFactory.instantiateSingleton(DefaultListableBeanFactory.java:1222)
	at org.springframework.beans.factory.support.DefaultListableBeanFactory.preInstantiateSingleton(DefaultListableBeanFactory.java:1188)
	at org.springframework.beans.factory.support.DefaultListableBeanFactory.preInstantiateSingletons(DefaultListableBeanFactory.java:1123)
	at org.springframework.context.support.AbstractApplicationContext.finishBeanFactoryInitialization(AbstractApplicationContext.java:987)
	at org.springframework.context.support.AbstractApplicationContext.refresh(AbstractApplicationContext.java:627)
	at org.springframework.boot.web.servlet.context.ServletWebServerApplicationContext.refresh(ServletWebServerApplicationContext.java:146)
	at org.springframework.boot.SpringApplication.refresh(SpringApplication.java:752)
	at org.springframework.boot.SpringApplication.refreshContext(SpringApplication.java:439)
	at org.springframework.boot.SpringApplication.run(SpringApplication.java:318)
	at org.springframework.boot.SpringApplication.run(SpringApplication.java:1361)
	at org.springframework.boot.SpringApplication.run(SpringApplication.java:1350)
	at com.Natixis.SkillBridge.SkillBridgeApplication.main(SkillBridgeApplication.java:10)
	at java.base/jdk.internal.reflect.DirectMethodHandleAccessor.invoke(DirectMethodHandleAccessor.java:104)
	at java.base/java.lang.reflect.Method.invoke(Method.java:565)
	at org.springframework.boot.devtools.restart.RestartLauncher.run(RestartLauncher.java:50)
Caused by: java.lang.annotation.AnnotationFormatError: Duplicate annotation interface org.springframework.web.bind.annotation.GetMapping in class com.Natixis.SkillBridge.controllers.ApplicationController
	at java.base/sun.reflect.annotation.AnnotationParser.parseAnnotations2(AnnotationParser.java:125)
	at java.base/sun.reflect.annotation.AnnotationParser.parseAnnotations(AnnotationParser.java:72)
	at java.base/java.lang.reflect.Executable.declaredAnnotations(Executable.java:667)
	at java.base/java.lang.reflect.Executable.declaredAnnotations(Executable.java:665)
	at java.base/java.lang.reflect.Executable.getAnnotation(Executable.java:633)
	at java.base/java.lang.reflect.Method.getAnnotation(Method.java:778)
	at org.springframework.beans.factory.annotation.AutowiredAnnotationBeanPostProcessor.lambda$checkLookupMethods$0(AutowiredAnnotationBeanPostProcessor.java:477)
	at org.springframework.util.ReflectionUtils.doWithLocalMethods(ReflectionUtils.java:323)
	at org.springframework.beans.factory.annotation.AutowiredAnnotationBeanPostProcessor.checkLookupMethods(AutowiredAnnotationBeanPostProcessor.java:476)
	at org.springframework.beans.factory.annotation.AutowiredAnnotationBeanPostProcessor.determineCandidateConstructors(AutowiredAnnotationBeanPostProcessor.java:368)
	at org.springframework.beans.factory.support.AbstractAutowireCapableBeanFactory.determineConstructorsFromBeanPostProcessors(AbstractAutowireCapableBeanFactory.java:1334)
	at org.springframework.beans.factory.support.AbstractAutowireCapableBeanFactory.createBeanInstance(AbstractAutowireCapableBeanFactory.java:1229)
	at org.springframework.beans.factory.support.AbstractAutowireCapableBeanFactory.doCreateBean(AbstractAutowireCapableBeanFactory.java:569)
	at org.springframework.beans.factory.support.AbstractAutowireCapableBeanFactory.createBean(AbstractAutowireCapableBeanFactory.java:529)
	... 19 common frames omitted
2025-07-16 10:32:38 ERROR [http-nio-8080-exec-1] c.N.S.s.JwtAuthenticationFilter - Authentication failed
2025-07-16 10:32:39 ERROR [http-nio-8080-exec-2] c.N.S.s.JwtAuthenticationFilter - Authentication failed
2025-07-16 10:32:39 ERROR [http-nio-8080-exec-3] c.N.S.s.JwtAuthenticationFilter - Authentication failed
2025-07-16 10:32:39 ERROR [http-nio-8080-exec-4] c.N.S.s.JwtAuthenticationFilter - Authentication failed
2025-07-16 10:32:41 ERROR [http-nio-8080-exec-5] c.N.S.s.JwtAuthenticationFilter - Authentication failed
2025-07-16 10:32:41 ERROR [http-nio-8080-exec-6] c.N.S.s.JwtAuthenticationFilter - Authentication failed
2025-07-16 10:32:41 ERROR [http-nio-8080-exec-9] c.N.S.s.JwtAuthenticationFilter - Authentication failed
2025-07-16 10:32:41 ERROR [http-nio-8080-exec-8] c.N.S.s.JwtAuthenticationFilter - Authentication failed
2025-07-16 10:32:41 ERROR [http-nio-8080-exec-7] c.N.S.s.JwtAuthenticationFilter - Authentication failed
2025-07-16 10:32:42 ERROR [http-nio-8080-exec-3] c.N.S.s.JwtAuthenticationFilter - Authentication failed
2025-07-16 10:32:42 ERROR [http-nio-8080-exec-2] c.N.S.s.JwtAuthenticationFilter - Authentication failed
2025-07-16 10:32:42 ERROR [http-nio-8080-exec-1] c.N.S.s.JwtAuthenticationFilter - Authentication failed
2025-07-16 10:32:42 ERROR [http-nio-8080-exec-4] c.N.S.s.JwtAuthenticationFilter - Authentication failed
2025-07-16 10:32:42 ERROR [http-nio-8080-exec-10] c.N.S.s.JwtAuthenticationFilter - Authentication failed
2025-07-16 10:32:42 ERROR [http-nio-8080-exec-5] c.N.S.s.JwtAuthenticationFilter - Authentication failed
2025-07-16 10:32:42 ERROR [http-nio-8080-exec-6] c.N.S.s.JwtAuthenticationFilter - Authentication failed
2025-07-16 10:32:42 ERROR [http-nio-8080-exec-9] c.N.S.s.JwtAuthenticationFilter - Authentication failed
2025-07-16 10:32:43 ERROR [http-nio-8080-exec-3] c.N.S.s.JwtAuthenticationFilter - Authentication failed
2025-07-16 10:32:43 ERROR [http-nio-8080-exec-7] c.N.S.s.JwtAuthenticationFilter - Authentication failed
2025-07-16 10:32:43 ERROR [http-nio-8080-exec-8] c.N.S.s.JwtAuthenticationFilter - Authentication failed
2025-07-16 10:32:43 ERROR [http-nio-8080-exec-2] c.N.S.s.JwtAuthenticationFilter - Authentication failed
2025-07-16 10:32:43 ERROR [http-nio-8080-exec-5] c.N.S.s.JwtAuthenticationFilter - Authentication failed
2025-07-16 10:32:43 ERROR [http-nio-8080-exec-6] c.N.S.s.JwtAuthenticationFilter - Authentication failed
2025-07-16 10:32:43 ERROR [http-nio-8080-exec-10] c.N.S.s.JwtAuthenticationFilter - Authentication failed
2025-07-16 10:32:43 ERROR [http-nio-8080-exec-4] c.N.S.s.JwtAuthenticationFilter - Authentication failed
2025-07-16 10:32:43 ERROR [http-nio-8080-exec-1] c.N.S.s.JwtAuthenticationFilter - Authentication failed
2025-07-16 10:32:43 ERROR [http-nio-8080-exec-9] c.N.S.s.JwtAuthenticationFilter - Authentication failed
2025-07-16 10:32:43 ERROR [http-nio-8080-exec-3] c.N.S.s.JwtAuthenticationFilter - Authentication failed
2025-07-16 10:32:43 ERROR [http-nio-8080-exec-7] c.N.S.s.JwtAuthenticationFilter - Authentication failed
2025-07-16 10:32:43 ERROR [http-nio-8080-exec-6] c.N.S.s.JwtAuthenticationFilter - Authentication failed
2025-07-16 10:32:43 ERROR [http-nio-8080-exec-10] c.N.S.s.JwtAuthenticationFilter - Authentication failed
2025-07-16 10:32:43 ERROR [http-nio-8080-exec-5] c.N.S.s.JwtAuthenticationFilter - Authentication failed
2025-07-16 10:32:43 ERROR [http-nio-8080-exec-2] c.N.S.s.JwtAuthenticationFilter - Authentication failed
2025-07-16 10:32:43 ERROR [http-nio-8080-exec-8] c.N.S.s.JwtAuthenticationFilter - Authentication failed
2025-07-16 10:32:56 ERROR [http-nio-8080-exec-10] c.N.S.s.JwtAuthenticationFilter - Authentication failed
2025-07-16 10:32:56 ERROR [http-nio-8080-exec-2] c.N.S.s.JwtAuthenticationFilter - Authentication failed
2025-07-16 10:32:56 ERROR [http-nio-8080-exec-5] c.N.S.s.JwtAuthenticationFilter - Authentication failed
2025-07-16 10:36:13 ERROR [http-nio-8080-exec-9] c.N.S.s.JwtAuthenticationFilter - [JWT FILTER] Invalid JWT token.
2025-07-16 10:36:13 ERROR [http-nio-8080-exec-9] c.N.S.s.JwtAuthenticationFilter - Authentication failed
2025-07-16 10:47:33 ERROR [http-nio-8080-exec-1] c.N.S.s.JwtAuthenticationFilter - Authentication failed
2025-07-16 10:47:34 ERROR [http-nio-8080-exec-4] c.N.S.s.JwtAuthenticationFilter - [JWT FILTER] Invalid JWT token.
2025-07-16 10:47:34 ERROR [http-nio-8080-exec-4] c.N.S.s.JwtAuthenticationFilter - Authentication failed
2025-07-16 10:47:46 ERROR [http-nio-8080-exec-7] c.N.S.s.JwtAuthenticationFilter - Authentication failed
2025-07-16 10:47:46 ERROR [http-nio-8080-exec-10] c.N.S.s.JwtAuthenticationFilter - Authentication failed
2025-07-16 10:47:49 ERROR [http-nio-8080-exec-1] c.N.S.s.JwtAuthenticationFilter - Authentication failed
2025-07-16 10:47:49 ERROR [http-nio-8080-exec-2] c.N.S.s.JwtAuthenticationFilter - Authentication failed
2025-07-16 10:49:25 ERROR [http-nio-8080-exec-8] c.N.S.s.JwtAuthenticationFilter - Authentication failed
2025-07-16 10:49:25 ERROR [http-nio-8080-exec-9] c.N.S.s.JwtAuthenticationFilter - Authentication failed
2025-07-16 10:49:34 ERROR [http-nio-8080-exec-6] c.N.S.s.JwtAuthenticationFilter - Authentication failed
2025-07-16 10:49:34 ERROR [http-nio-8080-exec-10] c.N.S.s.JwtAuthenticationFilter - Authentication failed
2025-07-16 10:50:30 ERROR [http-nio-8080-exec-4] c.N.S.s.JwtAuthenticationFilter - Authentication failed
2025-07-16 10:50:30 ERROR [http-nio-8080-exec-5] c.N.S.s.JwtAuthenticationFilter - Authentication failed
2025-07-16 10:52:36 ERROR [http-nio-8080-exec-6] c.N.S.s.JwtAuthenticationFilter - Authentication failed
2025-07-16 10:52:36 ERROR [http-nio-8080-exec-10] c.N.S.s.JwtAuthenticationFilter - Authentication failed
2025-07-16 10:56:03 ERROR [http-nio-8080-exec-4] c.N.S.s.JwtAuthenticationFilter - Authentication failed
2025-07-16 10:56:03 ERROR [http-nio-8080-exec-5] c.N.S.s.JwtAuthenticationFilter - Authentication failed
2025-07-16 11:00:25 ERROR [http-nio-8080-exec-7] c.N.S.s.JwtAuthenticationFilter - Authentication failed
2025-07-16 11:00:25 ERROR [http-nio-8080-exec-10] c.N.S.s.JwtAuthenticationFilter - Authentication failed
2025-07-16 11:00:25 ERROR [http-nio-8080-exec-6] c.N.S.s.JwtAuthenticationFilter - Authentication failed
2025-07-16 11:00:25 ERROR [http-nio-8080-exec-1] c.N.S.s.JwtAuthenticationFilter - Authentication failed
2025-07-16 11:00:26 ERROR [http-nio-8080-exec-3] c.N.S.s.JwtAuthenticationFilter - Authentication failed
2025-07-16 11:00:26 ERROR [http-nio-8080-exec-2] c.N.S.s.JwtAuthenticationFilter - Authentication failed
2025-07-16 11:00:26 ERROR [http-nio-8080-exec-4] c.N.S.s.JwtAuthenticationFilter - Authentication failed
2025-07-16 11:00:27 ERROR [http-nio-8080-exec-9] c.N.S.s.JwtAuthenticationFilter - Authentication failed
2025-07-16 11:00:55 ERROR [http-nio-8080-exec-1] c.N.S.s.JwtAuthenticationFilter - Authentication failed
2025-07-16 11:00:55 ERROR [http-nio-8080-exec-3] c.N.S.s.JwtAuthenticationFilter - Authentication failed
2025-07-16 11:00:58 ERROR [http-nio-8080-exec-8] c.N.S.s.JwtAuthenticationFilter - Authentication failed
2025-07-16 11:00:59 ERROR [http-nio-8080-exec-5] c.N.S.s.JwtAuthenticationFilter - Authentication failed
2025-07-16 11:00:59 ERROR [http-nio-8080-exec-9] c.N.S.s.JwtAuthenticationFilter - Authentication failed
2025-07-16 11:00:59 ERROR [http-nio-8080-exec-4] c.N.S.s.JwtAuthenticationFilter - Authentication failed
2025-07-16 11:01:02 ERROR [http-nio-8080-exec-6] c.N.S.s.JwtAuthenticationFilter - Authentication failed
2025-07-16 11:01:02 ERROR [http-nio-8080-exec-10] c.N.S.s.JwtAuthenticationFilter - Authentication failed
2025-07-16 11:01:04 ERROR [http-nio-8080-exec-2] c.N.S.s.JwtAuthenticationFilter - Authentication failed
2025-07-16 11:01:04 ERROR [http-nio-8080-exec-1] c.N.S.s.JwtAuthenticationFilter - Authentication failed
2025-07-16 11:01:04 ERROR [http-nio-8080-exec-9] c.N.S.s.JwtAuthenticationFilter - Authentication failed
2025-07-16 11:01:04 ERROR [http-nio-8080-exec-3] c.N.S.s.JwtAuthenticationFilter - Authentication failed
2025-07-16 11:08:04 ERROR [http-nio-8080-exec-10] c.N.S.s.JwtAuthenticationFilter - Authentication failed
2025-07-16 11:08:04 ERROR [http-nio-8080-exec-2] c.N.S.s.JwtAuthenticationFilter - Authentication failed
2025-07-16 11:08:05 ERROR [http-nio-8080-exec-9] c.N.S.s.JwtAuthenticationFilter - Authentication failed
2025-07-16 11:08:11 ERROR [http-nio-8080-exec-8] c.N.S.s.JwtAuthenticationFilter - Authentication failed
2025-07-16 11:08:11 ERROR [http-nio-8080-exec-4] c.N.S.s.JwtAuthenticationFilter - Authentication failed
2025-07-16 11:08:11 ERROR [http-nio-8080-exec-1] c.N.S.s.JwtAuthenticationFilter - Authentication failed
2025-07-16 11:08:42 ERROR [http-nio-8080-exec-2] c.N.S.s.JwtAuthenticationFilter - Authentication failed
2025-07-16 11:08:42 ERROR [http-nio-8080-exec-9] c.N.S.s.JwtAuthenticationFilter - Authentication failed
2025-07-16 11:08:43 ERROR [http-nio-8080-exec-3] c.N.S.s.JwtAuthenticationFilter - Authentication failed
2025-07-16 11:08:43 ERROR [http-nio-8080-exec-4] c.N.S.s.JwtAuthenticationFilter - Authentication failed
2025-07-16 11:08:43 ERROR [http-nio-8080-exec-8] c.N.S.s.JwtAuthenticationFilter - Authentication failed
2025-07-16 11:08:43 ERROR [http-nio-8080-exec-1] c.N.S.s.JwtAuthenticationFilter - Authentication failed
2025-07-16 11:09:20 ERROR [http-nio-8080-exec-1] c.N.S.s.JwtAuthenticationFilter - [JWT FILTER] Invalid JWT token.
2025-07-16 11:09:20 ERROR [http-nio-8080-exec-1] c.N.S.s.JwtAuthenticationFilter - Authentication failed
2025-07-16 11:09:34 ERROR [http-nio-8080-exec-6] c.N.S.s.JwtAuthenticationFilter - Authentication failed
2025-07-16 11:09:34 ERROR [http-nio-8080-exec-7] c.N.S.s.JwtAuthenticationFilter - Authentication failed
2025-07-16 11:09:37 ERROR [http-nio-8080-exec-4] c.N.S.s.JwtAuthenticationFilter - Authentication failed
2025-07-16 11:09:37 ERROR [http-nio-8080-exec-9] c.N.S.s.JwtAuthenticationFilter - Authentication failed
2025-07-16 11:09:37 ERROR [http-nio-8080-exec-5] c.N.S.s.JwtAuthenticationFilter - Authentication failed
2025-07-16 11:09:37 ERROR [http-nio-8080-exec-10] c.N.S.s.JwtAuthenticationFilter - Authentication failed
2025-07-16 11:09:37 ERROR [http-nio-8080-exec-2] c.N.S.s.JwtAuthenticationFilter - Authentication failed
2025-07-16 11:09:37 ERROR [http-nio-8080-exec-1] c.N.S.s.JwtAuthenticationFilter - Authentication failed
2025-07-16 11:14:53 ERROR [http-nio-8080-exec-4] c.N.S.s.JwtAuthenticationFilter - Authentication failed
2025-07-16 11:15:05 ERROR [http-nio-8080-exec-10] c.N.S.s.JwtAuthenticationFilter - Authentication failed
2025-07-16 11:15:41 ERROR [http-nio-8080-exec-3] c.N.S.s.JwtAuthenticationFilter - Authentication failed
2025-07-16 11:15:41 ERROR [http-nio-8080-exec-7] c.N.S.s.JwtAuthenticationFilter - Authentication failed
2025-07-16 11:15:41 ERROR [http-nio-8080-exec-8] c.N.S.s.JwtAuthenticationFilter - Authentication failed
2025-07-16 11:15:41 ERROR [http-nio-8080-exec-6] c.N.S.s.JwtAuthenticationFilter - Authentication failed
2025-07-16 11:15:41 ERROR [http-nio-8080-exec-9] c.N.S.s.JwtAuthenticationFilter - Authentication failed
2025-07-16 11:15:41 ERROR [http-nio-8080-exec-4] c.N.S.s.JwtAuthenticationFilter - Authentication failed
2025-07-16 11:17:13 ERROR [http-nio-8080-exec-2] c.N.S.s.JwtAuthenticationFilter - Authentication failed
2025-07-16 11:17:14 ERROR [http-nio-8080-exec-3] c.N.S.s.JwtAuthenticationFilter - Authentication failed
2025-07-16 11:17:14 ERROR [http-nio-8080-exec-7] c.N.S.s.JwtAuthenticationFilter - Authentication failed
2025-07-16 11:17:14 ERROR [http-nio-8080-exec-6] c.N.S.s.JwtAuthenticationFilter - Authentication failed
2025-07-16 11:17:14 ERROR [http-nio-8080-exec-8] c.N.S.s.JwtAuthenticationFilter - Authentication failed
2025-07-16 11:17:14 ERROR [http-nio-8080-exec-9] c.N.S.s.JwtAuthenticationFilter - Authentication failed
2025-07-16 11:17:25 ERROR [http-nio-8080-exec-5] c.N.S.s.JwtAuthenticationFilter - Authentication failed
2025-07-16 11:17:25 ERROR [http-nio-8080-exec-10] c.N.S.s.JwtAuthenticationFilter - Authentication failed
2025-07-16 11:17:25 ERROR [http-nio-8080-exec-1] c.N.S.s.JwtAuthenticationFilter - Authentication failed
2025-07-16 11:17:25 ERROR [http-nio-8080-exec-2] c.N.S.s.JwtAuthenticationFilter - Authentication failed
2025-07-16 11:17:25 ERROR [http-nio-8080-exec-3] c.N.S.s.JwtAuthenticationFilter - Authentication failed
2025-07-16 11:17:26 ERROR [http-nio-8080-exec-7] c.N.S.s.JwtAuthenticationFilter - Authentication failed
2025-07-16 11:18:39 ERROR [http-nio-8080-exec-5] c.N.S.s.JwtAuthenticationFilter - Authentication failed
2025-07-16 11:18:40 ERROR [http-nio-8080-exec-1] c.N.S.s.JwtAuthenticationFilter - Authentication failed
2025-07-16 11:18:41 ERROR [http-nio-8080-exec-2] c.N.S.s.JwtAuthenticationFilter - Authentication failed
2025-07-16 11:18:44 ERROR [http-nio-8080-exec-7] c.N.S.s.JwtAuthenticationFilter - Authentication failed
2025-07-16 11:18:44 ERROR [http-nio-8080-exec-8] c.N.S.s.JwtAuthenticationFilter - Authentication failed
2025-07-16 11:18:45 ERROR [http-nio-8080-exec-9] c.N.S.s.JwtAuthenticationFilter - Authentication failed
2025-07-16 11:18:45 ERROR [http-nio-8080-exec-6] c.N.S.s.JwtAuthenticationFilter - Authentication failed
2025-07-16 11:18:45 ERROR [http-nio-8080-exec-5] c.N.S.s.JwtAuthenticationFilter - Authentication failed
2025-07-16 11:18:45 ERROR [http-nio-8080-exec-4] c.N.S.s.JwtAuthenticationFilter - Authentication failed
2025-07-16 11:19:03 ERROR [http-nio-8080-exec-9] c.N.S.s.JwtAuthenticationFilter - Authentication failed
2025-07-16 11:19:03 ERROR [http-nio-8080-exec-8] c.N.S.s.JwtAuthenticationFilter - Authentication failed
2025-07-16 11:19:09 ERROR [http-nio-8080-exec-5] c.N.S.s.JwtAuthenticationFilter - Authentication failed
2025-07-16 11:19:09 ERROR [http-nio-8080-exec-4] c.N.S.s.JwtAuthenticationFilter - Authentication failed
2025-07-16 11:19:10 ERROR [http-nio-8080-exec-1] c.N.S.s.JwtAuthenticationFilter - Authentication failed
2025-07-16 11:19:10 ERROR [http-nio-8080-exec-7] c.N.S.s.JwtAuthenticationFilter - Authentication failed
2025-07-16 11:19:10 ERROR [http-nio-8080-exec-3] c.N.S.s.JwtAuthenticationFilter - Authentication failed
2025-07-16 11:19:10 ERROR [http-nio-8080-exec-2] c.N.S.s.JwtAuthenticationFilter - Authentication failed
2025-07-16 11:20:19 ERROR [http-nio-8080-exec-4] c.N.S.s.JwtAuthenticationFilter - Authentication failed
2025-07-16 11:20:20 ERROR [http-nio-8080-exec-3] c.N.S.s.JwtAuthenticationFilter - Authentication failed
2025-07-16 11:20:22 ERROR [http-nio-8080-exec-1] c.N.S.s.JwtAuthenticationFilter - Authentication failed
2025-07-16 11:20:22 ERROR [http-nio-8080-exec-2] c.N.S.s.JwtAuthenticationFilter - Authentication failed
2025-07-16 11:20:22 ERROR [http-nio-8080-exec-8] c.N.S.s.JwtAuthenticationFilter - Authentication failed
2025-07-16 11:20:22 ERROR [http-nio-8080-exec-9] c.N.S.s.JwtAuthenticationFilter - Authentication failed
2025-07-16 11:20:50 ERROR [http-nio-8080-exec-7] c.N.S.s.JwtAuthenticationFilter - Authentication failed
2025-07-16 11:20:50 ERROR [http-nio-8080-exec-4] c.N.S.s.JwtAuthenticationFilter - Authentication failed
2025-07-16 11:20:54 ERROR [http-nio-8080-exec-1] c.N.S.s.JwtAuthenticationFilter - Authentication failed
2025-07-16 11:20:54 ERROR [http-nio-8080-exec-2] c.N.S.s.JwtAuthenticationFilter - Authentication failed
2025-07-16 11:20:55 ERROR [http-nio-8080-exec-8] c.N.S.s.JwtAuthenticationFilter - Authentication failed
2025-07-16 11:20:55 ERROR [http-nio-8080-exec-10] c.N.S.s.JwtAuthenticationFilter - Authentication failed
2025-07-16 11:20:55 ERROR [http-nio-8080-exec-6] c.N.S.s.JwtAuthenticationFilter - Authentication failed
2025-07-16 11:20:55 ERROR [http-nio-8080-exec-9] c.N.S.s.JwtAuthenticationFilter - Authentication failed
2025-07-16 11:25:25 ERROR [http-nio-8080-exec-2] c.N.S.s.JwtAuthenticationFilter - Authentication failed
2025-07-16 11:25:25 ERROR [http-nio-8080-exec-8] c.N.S.s.JwtAuthenticationFilter - Authentication failed
2025-07-16 11:25:43 ERROR [http-nio-8080-exec-7] c.N.S.s.JwtAuthenticationFilter - Authentication failed
2025-07-16 11:25:44 ERROR [http-nio-8080-exec-5] c.N.S.s.JwtAuthenticationFilter - Authentication failed
2025-07-16 11:26:02 ERROR [http-nio-8080-exec-10] c.N.S.s.JwtAuthenticationFilter - Authentication failed
2025-07-16 11:26:02 ERROR [http-nio-8080-exec-3] c.N.S.s.JwtAuthenticationFilter - Authentication failed
2025-07-16 11:26:03 ERROR [http-nio-8080-exec-7] c.N.S.s.JwtAuthenticationFilter - Authentication failed
2025-07-16 11:26:03 ERROR [http-nio-8080-exec-1] c.N.S.s.JwtAuthenticationFilter - Authentication failed
2025-07-16 11:26:03 ERROR [http-nio-8080-exec-2] c.N.S.s.JwtAuthenticationFilter - Authentication failed
2025-07-16 11:26:03 ERROR [http-nio-8080-exec-5] c.N.S.s.JwtAuthenticationFilter - Authentication failed
2025-07-16 11:26:04 ERROR [http-nio-8080-exec-8] c.N.S.s.JwtAuthenticationFilter - Authentication failed
2025-07-16 11:26:04 ERROR [http-nio-8080-exec-4] c.N.S.s.JwtAuthenticationFilter - Authentication failed
2025-07-16 11:26:06 ERROR [http-nio-8080-exec-10] c.N.S.s.JwtAuthenticationFilter - Authentication failed
2025-07-16 11:26:07 ERROR [http-nio-8080-exec-10] c.N.S.s.JwtAuthenticationFilter - Authentication failed
2025-07-16 11:27:14 ERROR [http-nio-8080-exec-2] c.N.S.s.JwtAuthenticationFilter - Authentication failed
2025-07-16 11:27:14 ERROR [http-nio-8080-exec-7] c.N.S.s.JwtAuthenticationFilter - Authentication failed
2025-07-16 11:27:17 ERROR [http-nio-8080-exec-8] c.N.S.s.JwtAuthenticationFilter - Authentication failed
2025-07-16 11:27:17 ERROR [http-nio-8080-exec-9] c.N.S.s.JwtAuthenticationFilter - Authentication failed
2025-07-16 11:27:17 ERROR [http-nio-8080-exec-4] c.N.S.s.JwtAuthenticationFilter - Authentication failed
2025-07-16 11:27:17 ERROR [http-nio-8080-exec-6] c.N.S.s.JwtAuthenticationFilter - Authentication failed
2025-07-16 11:27:23 ERROR [http-nio-8080-exec-3] c.N.S.s.JwtAuthenticationFilter - Authentication failed
2025-07-16 11:27:23 ERROR [http-nio-8080-exec-1] c.N.S.s.JwtAuthenticationFilter - Authentication failed
2025-07-16 11:27:24 ERROR [http-nio-8080-exec-7] c.N.S.s.JwtAuthenticationFilter - Authentication failed
2025-07-16 11:27:25 ERROR [http-nio-8080-exec-9] c.N.S.s.JwtAuthenticationFilter - Authentication failed
2025-07-16 11:27:25 ERROR [http-nio-8080-exec-8] c.N.S.s.JwtAuthenticationFilter - Authentication failed
2025-07-16 11:27:25 ERROR [http-nio-8080-exec-2] c.N.S.s.JwtAuthenticationFilter - Authentication failed
2025-07-16 11:27:26 ERROR [http-nio-8080-exec-4] c.N.S.s.JwtAuthenticationFilter - Authentication failed
2025-07-16 11:27:26 ERROR [http-nio-8080-exec-6] c.N.S.s.JwtAuthenticationFilter - Authentication failed
2025-07-16 11:27:26 ERROR [http-nio-8080-exec-5] c.N.S.s.JwtAuthenticationFilter - Authentication failed
2025-07-16 11:27:29 ERROR [http-nio-8080-exec-10] c.N.S.s.JwtAuthenticationFilter - Authentication failed
2025-07-16 11:28:08 ERROR [http-nio-8080-exec-2] c.N.S.s.JwtAuthenticationFilter - Authentication failed
2025-07-16 11:28:08 ERROR [http-nio-8080-exec-4] c.N.S.s.JwtAuthenticationFilter - Authentication failed
2025-07-16 11:28:22 ERROR [http-nio-8080-exec-5] c.N.S.s.JwtAuthenticationFilter - Authentication failed
2025-07-16 11:28:22 ERROR [http-nio-8080-exec-1] c.N.S.s.JwtAuthenticationFilter - Authentication failed
2025-07-16 11:28:23 ERROR [http-nio-8080-exec-3] c.N.S.s.JwtAuthenticationFilter - Authentication failed
2025-07-16 11:28:23 ERROR [http-nio-8080-exec-10] c.N.S.s.JwtAuthenticationFilter - Authentication failed
2025-07-16 11:28:30 ERROR [http-nio-8080-exec-9] c.N.S.s.JwtAuthenticationFilter - Authentication failed
2025-07-16 11:28:30 ERROR [http-nio-8080-exec-8] c.N.S.s.JwtAuthenticationFilter - Authentication failed
2025-07-16 11:28:32 ERROR [http-nio-8080-exec-4] c.N.S.s.JwtAuthenticationFilter - Authentication failed
2025-07-16 11:28:33 ERROR [http-nio-8080-exec-6] c.N.S.s.JwtAuthenticationFilter - Authentication failed
2025-07-16 11:28:38 ERROR [http-nio-8080-exec-1] c.N.S.s.JwtAuthenticationFilter - Authentication failed
2025-07-16 11:28:38 ERROR [http-nio-8080-exec-3] c.N.S.s.JwtAuthenticationFilter - Authentication failed
2025-07-16 11:28:41 ERROR [http-nio-8080-exec-10] c.N.S.s.JwtAuthenticationFilter - Authentication failed
2025-07-16 11:28:41 ERROR [http-nio-8080-exec-7] c.N.S.s.JwtAuthenticationFilter - Authentication failed
2025-07-16 11:28:41 ERROR [http-nio-8080-exec-8] c.N.S.s.JwtAuthenticationFilter - Authentication failed
2025-07-16 11:28:41 ERROR [http-nio-8080-exec-2] c.N.S.s.JwtAuthenticationFilter - Authentication failed
2025-07-16 11:28:42 ERROR [http-nio-8080-exec-9] c.N.S.s.JwtAuthenticationFilter - Authentication failed
2025-07-16 11:28:42 ERROR [http-nio-8080-exec-4] c.N.S.s.JwtAuthenticationFilter - Authentication failed
2025-07-16 11:28:44 ERROR [http-nio-8080-exec-6] c.N.S.s.JwtAuthenticationFilter - Authentication failed
2025-07-16 11:28:45 ERROR [http-nio-8080-exec-5] c.N.S.s.JwtAuthenticationFilter - Authentication failed
2025-07-16 11:30:20 ERROR [http-nio-8080-exec-2] c.N.S.s.JwtAuthenticationFilter - [JWT FILTER] Invalid JWT token.
2025-07-16 11:30:20 ERROR [http-nio-8080-exec-2] c.N.S.s.JwtAuthenticationFilter - Authentication failed
2025-07-16 11:30:24 ERROR [http-nio-8080-exec-4] c.N.S.s.JwtAuthenticationFilter - [JWT FILTER] Invalid JWT token.
2025-07-16 11:30:24 ERROR [http-nio-8080-exec-4] c.N.S.s.JwtAuthenticationFilter - Authentication failed
2025-07-16 11:30:43 ERROR [http-nio-8080-exec-6] c.N.S.s.JwtAuthenticationFilter - [JWT FILTER] Invalid JWT token.
2025-07-16 11:30:43 ERROR [http-nio-8080-exec-6] c.N.S.s.JwtAuthenticationFilter - Authentication failed
2025-07-16 11:30:58 ERROR [http-nio-8080-exec-7] c.N.S.s.JwtAuthenticationFilter - [JWT FILTER] Invalid JWT token.
2025-07-16 11:30:58 ERROR [http-nio-8080-exec-7] c.N.S.s.JwtAuthenticationFilter - Authentication failed
2025-07-16 11:31:08 ERROR [http-nio-8080-exec-2] c.N.S.s.JwtAuthenticationFilter - Authentication failed
2025-07-16 11:31:08 ERROR [http-nio-8080-exec-3] c.N.S.s.JwtAuthenticationFilter - Authentication failed
2025-07-16 11:31:10 ERROR [http-nio-8080-exec-6] c.N.S.s.JwtAuthenticationFilter - Authentication failed
2025-07-16 11:31:10 ERROR [http-nio-8080-exec-5] c.N.S.s.JwtAuthenticationFilter - Authentication failed
2025-07-16 11:31:11 ERROR [http-nio-8080-exec-9] c.N.S.s.JwtAuthenticationFilter - Authentication failed
2025-07-16 11:31:11 ERROR [http-nio-8080-exec-5] c.N.S.s.JwtAuthenticationFilter - Authentication failed
2025-07-16 11:31:11 ERROR [http-nio-8080-exec-2] c.N.S.s.JwtAuthenticationFilter - Authentication failed
2025-07-16 11:31:11 ERROR [http-nio-8080-exec-4] c.N.S.s.JwtAuthenticationFilter - Authentication failed
2025-07-16 11:31:45 ERROR [http-nio-8080-exec-10] c.N.S.s.JwtAuthenticationFilter - Authentication failed
2025-07-16 11:31:45 ERROR [http-nio-8080-exec-2] c.N.S.s.JwtAuthenticationFilter - Authentication failed
2025-07-16 11:31:46 ERROR [http-nio-8080-exec-9] c.N.S.s.JwtAuthenticationFilter - Authentication failed
2025-07-16 11:31:46 ERROR [http-nio-8080-exec-3] c.N.S.s.JwtAuthenticationFilter - Authentication failed
2025-07-16 11:31:46 ERROR [http-nio-8080-exec-5] c.N.S.s.JwtAuthenticationFilter - Authentication failed
2025-07-16 11:31:46 ERROR [http-nio-8080-exec-4] c.N.S.s.JwtAuthenticationFilter - Authentication failed
2025-07-16 11:32:00 ERROR [http-nio-8080-exec-2] c.N.S.s.JwtAuthenticationFilter - Authentication failed
2025-07-16 11:32:00 ERROR [http-nio-8080-exec-3] c.N.S.s.JwtAuthenticationFilter - Authentication failed
2025-07-16 11:32:01 ERROR [http-nio-8080-exec-5] c.N.S.s.JwtAuthenticationFilter - Authentication failed
2025-07-16 11:32:02 ERROR [http-nio-8080-exec-1] c.N.S.s.JwtAuthenticationFilter - Authentication failed
2025-07-16 11:32:02 ERROR [http-nio-8080-exec-7] c.N.S.s.JwtAuthenticationFilter - Authentication failed
2025-07-16 11:32:02 ERROR [http-nio-8080-exec-4] c.N.S.s.JwtAuthenticationFilter - Authentication failed
2025-07-16 11:33:17 ERROR [http-nio-8080-exec-3] c.N.S.s.JwtAuthenticationFilter - Authentication failed
2025-07-16 11:33:18 ERROR [http-nio-8080-exec-1] c.N.S.s.JwtAuthenticationFilter - Authentication failed
2025-07-16 11:33:19 ERROR [http-nio-8080-exec-5] c.N.S.s.JwtAuthenticationFilter - Authentication failed
2025-07-16 11:33:19 ERROR [http-nio-8080-exec-7] c.N.S.s.JwtAuthenticationFilter - Authentication failed
2025-07-16 11:33:19 ERROR [http-nio-8080-exec-4] c.N.S.s.JwtAuthenticationFilter - Authentication failed
2025-07-16 11:33:19 ERROR [http-nio-8080-exec-8] c.N.S.s.JwtAuthenticationFilter - Authentication failed
2025-07-16 11:35:39 ERROR [http-nio-8080-exec-2] c.N.S.s.JwtAuthenticationFilter - Authentication failed
2025-07-16 11:35:39 ERROR [http-nio-8080-exec-9] c.N.S.s.JwtAuthenticationFilter - Authentication failed
2025-07-16 11:35:40 ERROR [http-nio-8080-exec-3] c.N.S.s.JwtAuthenticationFilter - Authentication failed
2025-07-16 11:35:40 ERROR [http-nio-8080-exec-1] c.N.S.s.JwtAuthenticationFilter - Authentication failed
2025-07-16 11:35:40 ERROR [http-nio-8080-exec-5] c.N.S.s.JwtAuthenticationFilter - Authentication failed
2025-07-16 11:35:40 ERROR [http-nio-8080-exec-7] c.N.S.s.JwtAuthenticationFilter - Authentication failed
2025-07-16 11:36:01 ERROR [http-nio-8080-exec-3] c.N.S.s.JwtAuthenticationFilter - Authentication failed
2025-07-16 11:36:02 ERROR [http-nio-8080-exec-9] c.N.S.s.JwtAuthenticationFilter - Authentication failed
2025-07-16 11:36:04 ERROR [http-nio-8080-exec-1] c.N.S.s.JwtAuthenticationFilter - Authentication failed
2025-07-16 11:36:04 ERROR [http-nio-8080-exec-4] c.N.S.s.JwtAuthenticationFilter - Authentication failed
2025-07-16 11:36:04 ERROR [http-nio-8080-exec-7] c.N.S.s.JwtAuthenticationFilter - Authentication failed
2025-07-16 11:36:04 ERROR [http-nio-8080-exec-5] c.N.S.s.JwtAuthenticationFilter - Authentication failed
2025-07-16 11:37:01 ERROR [http-nio-8080-exec-3] c.N.S.s.JwtAuthenticationFilter - Authentication failed
2025-07-16 11:37:01 ERROR [http-nio-8080-exec-4] c.N.S.s.JwtAuthenticationFilter - Authentication failed
2025-07-16 11:37:04 ERROR [http-nio-8080-exec-7] c.N.S.s.JwtAuthenticationFilter - Authentication failed
2025-07-16 11:37:04 ERROR [http-nio-8080-exec-8] c.N.S.s.JwtAuthenticationFilter - Authentication failed
2025-07-16 11:37:04 ERROR [http-nio-8080-exec-5] c.N.S.s.JwtAuthenticationFilter - Authentication failed
2025-07-16 11:37:05 ERROR [http-nio-8080-exec-1] c.N.S.s.JwtAuthenticationFilter - Authentication failed
2025-07-16 11:38:29 ERROR [http-nio-8080-exec-4] c.N.S.s.JwtAuthenticationFilter - Authentication failed
2025-07-16 11:38:30 ERROR [http-nio-8080-exec-7] c.N.S.s.JwtAuthenticationFilter - Authentication failed
2025-07-16 11:38:38 ERROR [http-nio-8080-exec-6] c.N.S.s.JwtAuthenticationFilter - Authentication failed
2025-07-16 11:38:38 ERROR [http-nio-8080-exec-5] c.N.S.s.JwtAuthenticationFilter - Authentication failed
2025-07-16 11:38:38 ERROR [http-nio-8080-exec-8] c.N.S.s.JwtAuthenticationFilter - Authentication failed
2025-07-16 11:38:39 ERROR [http-nio-8080-exec-1] c.N.S.s.JwtAuthenticationFilter - Authentication failed
2025-07-16 11:38:46 ERROR [http-nio-8080-exec-10] c.N.S.s.JwtAuthenticationFilter - Authentication failed
2025-07-16 11:38:46 ERROR [http-nio-8080-exec-3] c.N.S.s.JwtAuthenticationFilter - Authentication failed
2025-07-16 11:38:48 ERROR [http-nio-8080-exec-4] c.N.S.s.JwtAuthenticationFilter - Authentication failed
2025-07-16 11:38:48 ERROR [http-nio-8080-exec-8] c.N.S.s.JwtAuthenticationFilter - Authentication failed
2025-07-16 11:38:48 ERROR [http-nio-8080-exec-6] c.N.S.s.JwtAuthenticationFilter - Authentication failed
2025-07-16 11:38:48 ERROR [http-nio-8080-exec-7] c.N.S.s.JwtAuthenticationFilter - Authentication failed
2025-07-16 11:39:51 ERROR [http-nio-8080-exec-3] c.N.S.s.JwtAuthenticationFilter - Authentication failed
2025-07-16 11:39:51 ERROR [http-nio-8080-exec-4] c.N.S.s.JwtAuthenticationFilter - Authentication failed
2025-07-16 11:39:51 ERROR [http-nio-8080-exec-8] c.N.S.s.JwtAuthenticationFilter - Authentication failed
2025-07-16 11:39:51 ERROR [http-nio-8080-exec-7] c.N.S.s.JwtAuthenticationFilter - Authentication failed
2025-07-16 11:39:51 ERROR [http-nio-8080-exec-6] c.N.S.s.JwtAuthenticationFilter - Authentication failed
2025-07-16 11:39:51 ERROR [http-nio-8080-exec-9] c.N.S.s.JwtAuthenticationFilter - Authentication failed
2025-07-16 11:40:32 ERROR [http-nio-8080-exec-3] c.N.S.s.JwtAuthenticationFilter - Authentication failed
2025-07-16 11:40:32 ERROR [http-nio-8080-exec-4] c.N.S.s.JwtAuthenticationFilter - Authentication failed
2025-07-16 11:40:38 ERROR [http-nio-8080-exec-6] c.N.S.s.JwtAuthenticationFilter - Authentication failed
2025-07-16 11:40:38 ERROR [http-nio-8080-exec-7] c.N.S.s.JwtAuthenticationFilter - Authentication failed
2025-07-16 11:40:38 ERROR [http-nio-8080-exec-9] c.N.S.s.JwtAuthenticationFilter - Authentication failed
2025-07-16 11:40:39 ERROR [http-nio-8080-exec-5] c.N.S.s.JwtAuthenticationFilter - Authentication failed
2025-07-16 11:40:39 ERROR [http-nio-8080-exec-2] c.N.S.s.JwtAuthenticationFilter - Authentication failed
2025-07-16 11:40:39 ERROR [http-nio-8080-exec-1] c.N.S.s.JwtAuthenticationFilter - Authentication failed
2025-07-16 11:40:57 ERROR [http-nio-8080-exec-6] c.N.S.s.JwtAuthenticationFilter - Authentication failed
2025-07-16 11:40:58 ERROR [http-nio-8080-exec-9] c.N.S.s.JwtAuthenticationFilter - Authentication failed
2025-07-16 11:41:00 ERROR [http-nio-8080-exec-5] c.N.S.s.JwtAuthenticationFilter - Authentication failed
2025-07-16 11:41:00 ERROR [http-nio-8080-exec-3] c.N.S.s.JwtAuthenticationFilter - Authentication failed
2025-07-16 11:41:00 ERROR [http-nio-8080-exec-1] c.N.S.s.JwtAuthenticationFilter - Authentication failed
2025-07-16 11:41:00 ERROR [http-nio-8080-exec-2] c.N.S.s.JwtAuthenticationFilter - Authentication failed
2025-07-16 11:42:16 ERROR [http-nio-8080-exec-9] c.N.S.s.JwtAuthenticationFilter - Authentication failed
2025-07-16 11:42:16 ERROR [http-nio-8080-exec-5] c.N.S.s.JwtAuthenticationFilter - Authentication failed
2025-07-16 11:42:18 ERROR [http-nio-8080-exec-3] c.N.S.s.JwtAuthenticationFilter - Authentication failed
2025-07-16 11:42:18 ERROR [http-nio-8080-exec-8] c.N.S.s.JwtAuthenticationFilter - Authentication failed
2025-07-16 11:42:18 ERROR [http-nio-8080-exec-10] c.N.S.s.JwtAuthenticationFilter - Authentication failed
2025-07-16 11:42:18 ERROR [http-nio-8080-exec-2] c.N.S.s.JwtAuthenticationFilter - Authentication failed
2025-07-16 11:42:38 ERROR [http-nio-8080-exec-5] c.N.S.s.JwtAuthenticationFilter - Authentication failed
2025-07-16 11:42:38 ERROR [http-nio-8080-exec-3] c.N.S.s.JwtAuthenticationFilter - Authentication failed
2025-07-16 11:42:39 ERROR [http-nio-8080-exec-10] c.N.S.s.JwtAuthenticationFilter - Authentication failed
2025-07-16 11:42:39 ERROR [http-nio-8080-exec-2] c.N.S.s.JwtAuthenticationFilter - Authentication failed
2025-07-16 11:42:39 ERROR [http-nio-8080-exec-4] c.N.S.s.JwtAuthenticationFilter - Authentication failed
2025-07-16 11:42:39 ERROR [http-nio-8080-exec-8] c.N.S.s.JwtAuthenticationFilter - Authentication failed
2025-07-16 11:43:10 ERROR [http-nio-8080-exec-3] c.N.S.s.JwtAuthenticationFilter - Authentication failed
2025-07-16 11:43:10 ERROR [http-nio-8080-exec-2] c.N.S.s.JwtAuthenticationFilter - Authentication failed
2025-07-16 11:43:10 ERROR [http-nio-8080-exec-10] c.N.S.s.JwtAuthenticationFilter - Authentication failed
2025-07-16 11:43:11 ERROR [http-nio-8080-exec-4] c.N.S.s.JwtAuthenticationFilter - Authentication failed
2025-07-16 11:43:11 ERROR [http-nio-8080-exec-8] c.N.S.s.JwtAuthenticationFilter - Authentication failed
2025-07-16 11:43:11 ERROR [http-nio-8080-exec-9] c.N.S.s.JwtAuthenticationFilter - Authentication failed
2025-07-16 11:43:12 ERROR [http-nio-8080-exec-7] c.N.S.s.JwtAuthenticationFilter - Authentication failed
2025-07-16 11:43:12 ERROR [http-nio-8080-exec-6] c.N.S.s.JwtAuthenticationFilter - Authentication failed
2025-07-16 11:43:12 ERROR [http-nio-8080-exec-1] c.N.S.s.JwtAuthenticationFilter - Authentication failed
2025-07-16 11:43:13 ERROR [http-nio-8080-exec-5] c.N.S.s.JwtAuthenticationFilter - Authentication failed
2025-07-16 11:43:25 ERROR [http-nio-8080-exec-8] c.N.S.s.JwtAuthenticationFilter - Authentication failed
2025-07-16 11:43:25 ERROR [http-nio-8080-exec-9] c.N.S.s.JwtAuthenticationFilter - Authentication failed
2025-07-16 11:43:26 ERROR [http-nio-8080-exec-6] c.N.S.s.JwtAuthenticationFilter - Authentication failed
2025-07-16 11:43:26 ERROR [http-nio-8080-exec-5] c.N.S.s.JwtAuthenticationFilter - Authentication failed
2025-07-16 11:43:26 ERROR [http-nio-8080-exec-1] c.N.S.s.JwtAuthenticationFilter - Authentication failed
2025-07-16 11:43:26 ERROR [http-nio-8080-exec-7] c.N.S.s.JwtAuthenticationFilter - Authentication failed
2025-07-16 11:43:27 ERROR [http-nio-8080-exec-3] c.N.S.s.JwtAuthenticationFilter - Authentication failed
2025-07-16 11:43:27 ERROR [http-nio-8080-exec-2] c.N.S.s.JwtAuthenticationFilter - Authentication failed
2025-07-16 11:43:28 ERROR [http-nio-8080-exec-10] c.N.S.s.JwtAuthenticationFilter - Authentication failed
2025-07-16 11:43:29 ERROR [http-nio-8080-exec-4] c.N.S.s.JwtAuthenticationFilter - Authentication failed
2025-07-16 11:45:29 ERROR [http-nio-8080-exec-1] c.N.S.s.JwtAuthenticationFilter - Authentication failed
2025-07-16 11:45:29 ERROR [http-nio-8080-exec-2] c.N.S.s.JwtAuthenticationFilter - Authentication failed
2025-07-16 11:45:29 ERROR [http-nio-8080-exec-3] c.N.S.s.JwtAuthenticationFilter - Authentication failed
2025-07-16 11:45:29 ERROR [http-nio-8080-exec-10] c.N.S.s.JwtAuthenticationFilter - Authentication failed
2025-07-16 11:45:30 ERROR [http-nio-8080-exec-4] c.N.S.s.JwtAuthenticationFilter - Authentication failed
2025-07-16 11:45:30 ERROR [http-nio-8080-exec-8] c.N.S.s.JwtAuthenticationFilter - Authentication failed
2025-07-16 11:48:07 ERROR [http-nio-8080-exec-2] c.N.S.s.JwtAuthenticationFilter - Authentication failed
2025-07-16 11:48:07 ERROR [http-nio-8080-exec-3] c.N.S.s.JwtAuthenticationFilter - Authentication failed
2025-07-16 11:48:09 ERROR [http-nio-8080-exec-10] c.N.S.s.JwtAuthenticationFilter - Authentication failed
2025-07-16 11:48:09 ERROR [http-nio-8080-exec-4] c.N.S.s.JwtAuthenticationFilter - Authentication failed
2025-07-16 11:48:09 ERROR [http-nio-8080-exec-9] c.N.S.s.JwtAuthenticationFilter - Authentication failed
2025-07-16 11:48:09 ERROR [http-nio-8080-exec-8] c.N.S.s.JwtAuthenticationFilter - Authentication failed
2025-07-16 11:49:19 ERROR [http-nio-8080-exec-2] c.N.S.s.JwtAuthenticationFilter - Authentication failed
2025-07-16 11:49:19 ERROR [http-nio-8080-exec-4] c.N.S.s.JwtAuthenticationFilter - Authentication failed
2025-07-16 11:49:19 ERROR [http-nio-8080-exec-5] c.N.S.s.JwtAuthenticationFilter - Authentication failed
2025-07-16 11:49:20 ERROR [http-nio-8080-exec-10] c.N.S.s.JwtAuthenticationFilter - Authentication failed
2025-07-16 11:49:20 ERROR [http-nio-8080-exec-6] c.N.S.s.JwtAuthenticationFilter - Authentication failed
2025-07-16 11:49:20 ERROR [http-nio-8080-exec-9] c.N.S.s.JwtAuthenticationFilter - Authentication failed
2025-07-16 11:49:20 ERROR [http-nio-8080-exec-7] c.N.S.s.JwtAuthenticationFilter - Authentication failed
2025-07-16 11:49:34 ERROR [http-nio-8080-exec-5] c.N.S.s.JwtAuthenticationFilter - Authentication failed
2025-07-16 11:49:36 ERROR [http-nio-8080-exec-10] c.N.S.s.JwtAuthenticationFilter - Authentication failed
2025-07-16 11:49:38 ERROR [http-nio-8080-exec-6] c.N.S.s.JwtAuthenticationFilter - Authentication failed
2025-07-16 11:49:38 ERROR [http-nio-8080-exec-7] c.N.S.s.JwtAuthenticationFilter - Authentication failed
2025-07-16 11:49:38 ERROR [http-nio-8080-exec-8] c.N.S.s.JwtAuthenticationFilter - Authentication failed
2025-07-16 11:49:38 ERROR [http-nio-8080-exec-9] c.N.S.s.JwtAuthenticationFilter - Authentication failed
2025-07-16 11:50:46 ERROR [http-nio-8080-exec-10] c.N.S.s.JwtAuthenticationFilter - Authentication failed
2025-07-16 11:50:46 ERROR [http-nio-8080-exec-6] c.N.S.s.JwtAuthenticationFilter - Authentication failed
2025-07-16 11:50:46 ERROR [http-nio-8080-exec-1] c.N.S.s.JwtAuthenticationFilter - Authentication failed
2025-07-16 11:50:46 ERROR [http-nio-8080-exec-7] c.N.S.s.JwtAuthenticationFilter - Authentication failed
2025-07-16 11:50:47 ERROR [http-nio-8080-exec-2] c.N.S.s.JwtAuthenticationFilter - Authentication failed
2025-07-16 11:50:47 ERROR [http-nio-8080-exec-8] c.N.S.s.JwtAuthenticationFilter - Authentication failed
2025-07-16 11:51:38 ERROR [http-nio-8080-exec-6] c.N.S.s.JwtAuthenticationFilter - Authentication failed
2025-07-16 11:51:38 ERROR [http-nio-8080-exec-1] c.N.S.s.JwtAuthenticationFilter - Authentication failed
2025-07-16 11:51:50 ERROR [http-nio-8080-exec-2] c.N.S.s.JwtAuthenticationFilter - Authentication failed
2025-07-16 11:51:51 ERROR [http-nio-8080-exec-9] c.N.S.s.JwtAuthenticationFilter - Authentication failed
2025-07-16 11:51:51 ERROR [http-nio-8080-exec-3] c.N.S.s.JwtAuthenticationFilter - Authentication failed
2025-07-16 11:51:51 ERROR [http-nio-8080-exec-8] c.N.S.s.JwtAuthenticationFilter - Authentication failed
2025-07-16 11:51:59 ERROR [http-nio-8080-exec-10] c.N.S.s.JwtAuthenticationFilter - Authentication failed
2025-07-16 11:51:59 ERROR [http-nio-8080-exec-5] c.N.S.s.JwtAuthenticationFilter - Authentication failed
2025-07-16 11:52:01 ERROR [http-nio-8080-exec-6] c.N.S.s.JwtAuthenticationFilter - Authentication failed
2025-07-16 11:52:01 ERROR [http-nio-8080-exec-1] c.N.S.s.JwtAuthenticationFilter - Authentication failed
2025-07-16 11:52:01 ERROR [http-nio-8080-exec-7] c.N.S.s.JwtAuthenticationFilter - Authentication failed
2025-07-16 11:52:01 ERROR [http-nio-8080-exec-2] c.N.S.s.JwtAuthenticationFilter - Authentication failed
2025-07-16 11:52:02 ERROR [http-nio-8080-exec-3] c.N.S.s.JwtAuthenticationFilter - Authentication failed
2025-07-16 11:52:05 ERROR [http-nio-8080-exec-5] c.N.S.s.JwtAuthenticationFilter - Authentication failed
2025-07-16 11:52:05 ERROR [http-nio-8080-exec-10] c.N.S.s.JwtAuthenticationFilter - Authentication failed
2025-07-16 11:52:06 ERROR [http-nio-8080-exec-1] c.N.S.s.JwtAuthenticationFilter - Authentication failed
2025-07-16 11:52:57 ERROR [http-nio-8080-exec-7] c.N.S.s.JwtAuthenticationFilter - Authentication failed
2025-07-16 11:52:57 ERROR [http-nio-8080-exec-2] c.N.S.s.JwtAuthenticationFilter - Authentication failed
2025-07-16 11:52:59 ERROR [http-nio-8080-exec-8] c.N.S.s.JwtAuthenticationFilter - Authentication failed
2025-07-16 11:52:59 ERROR [http-nio-8080-exec-5] c.N.S.s.JwtAuthenticationFilter - Authentication failed
2025-07-16 11:52:59 ERROR [http-nio-8080-exec-4] c.N.S.s.JwtAuthenticationFilter - Authentication failed
2025-07-16 11:52:59 ERROR [http-nio-8080-exec-3] c.N.S.s.JwtAuthenticationFilter - Authentication failed
2025-07-16 11:53:00 ERROR [http-nio-8080-exec-10] c.N.S.s.JwtAuthenticationFilter - Authentication failed
2025-07-16 11:53:00 ERROR [http-nio-8080-exec-1] c.N.S.s.JwtAuthenticationFilter - Authentication failed
2025-07-16 11:53:01 ERROR [http-nio-8080-exec-6] c.N.S.s.JwtAuthenticationFilter - Authentication failed
2025-07-16 11:53:02 ERROR [http-nio-8080-exec-7] c.N.S.s.JwtAuthenticationFilter - Authentication failed
2025-07-16 11:53:18 ERROR [http-nio-8080-exec-2] c.N.S.s.JwtAuthenticationFilter - Authentication failed
2025-07-16 11:53:19 ERROR [http-nio-8080-exec-8] c.N.S.s.JwtAuthenticationFilter - Authentication failed
2025-07-16 11:53:23 ERROR [http-nio-8080-exec-4] c.N.S.s.JwtAuthenticationFilter - Authentication failed
2025-07-16 11:53:23 ERROR [http-nio-8080-exec-3] c.N.S.s.JwtAuthenticationFilter - Authentication failed
2025-07-16 11:53:23 ERROR [http-nio-8080-exec-5] c.N.S.s.JwtAuthenticationFilter - Authentication failed
2025-07-16 11:53:23 ERROR [http-nio-8080-exec-10] c.N.S.s.JwtAuthenticationFilter - Authentication failed
2025-07-16 11:53:23 ERROR [http-nio-8080-exec-1] c.N.S.s.JwtAuthenticationFilter - Authentication failed
2025-07-16 11:53:24 ERROR [http-nio-8080-exec-6] c.N.S.s.JwtAuthenticationFilter - Authentication failed
2025-07-16 11:53:24 ERROR [http-nio-8080-exec-7] c.N.S.s.JwtAuthenticationFilter - Authentication failed
2025-07-16 11:53:24 ERROR [http-nio-8080-exec-9] c.N.S.s.JwtAuthenticationFilter - Authentication failed
2025-07-16 11:53:30 ERROR [http-nio-8080-exec-8] c.N.S.s.JwtAuthenticationFilter - Authentication failed
2025-07-16 11:53:30 ERROR [http-nio-8080-exec-4] c.N.S.s.JwtAuthenticationFilter - Authentication failed
2025-07-16 11:53:34 ERROR [http-nio-8080-exec-10] c.N.S.s.JwtAuthenticationFilter - Authentication failed
2025-07-16 11:53:34 ERROR [http-nio-8080-exec-1] c.N.S.s.JwtAuthenticationFilter - Authentication failed
2025-07-16 11:53:34 ERROR [http-nio-8080-exec-5] c.N.S.s.JwtAuthenticationFilter - Authentication failed
2025-07-16 11:53:35 ERROR [http-nio-8080-exec-3] c.N.S.s.JwtAuthenticationFilter - Authentication failed
2025-07-16 11:54:04 ERROR [http-nio-8080-exec-4] c.N.S.s.JwtAuthenticationFilter - Authentication failed
2025-07-16 11:54:04 ERROR [http-nio-8080-exec-10] c.N.S.s.JwtAuthenticationFilter - Authentication failed
2025-07-16 11:54:06 ERROR [http-nio-8080-exec-1] c.N.S.s.JwtAuthenticationFilter - Authentication failed
2025-07-16 11:54:10 ERROR [http-nio-8080-exec-3] c.N.S.s.JwtAuthenticationFilter - Authentication failed
2025-07-16 11:54:11 ERROR [http-nio-8080-exec-5] c.N.S.s.JwtAuthenticationFilter - Authentication failed
2025-07-16 11:54:11 ERROR [http-nio-8080-exec-6] c.N.S.s.JwtAuthenticationFilter - Authentication failed
2025-07-16 11:54:15 ERROR [http-nio-8080-exec-9] c.N.S.s.JwtAuthenticationFilter - Authentication failed
2025-07-16 11:54:15 ERROR [http-nio-8080-exec-7] c.N.S.s.JwtAuthenticationFilter - Authentication failed
2025-07-16 11:54:16 ERROR [http-nio-8080-exec-8] c.N.S.s.JwtAuthenticationFilter - Authentication failed
2025-07-16 11:54:16 ERROR [http-nio-8080-exec-10] c.N.S.s.JwtAuthenticationFilter - Authentication failed
2025-07-16 11:54:16 ERROR [http-nio-8080-exec-1] c.N.S.s.JwtAuthenticationFilter - Authentication failed
2025-07-16 11:54:16 ERROR [http-nio-8080-exec-4] c.N.S.s.JwtAuthenticationFilter - Authentication failed
2025-07-16 11:55:23 ERROR [http-nio-8080-exec-7] c.N.S.s.JwtAuthenticationFilter - Authentication failed
2025-07-16 11:55:23 ERROR [http-nio-8080-exec-10] c.N.S.s.JwtAuthenticationFilter - Authentication failed
2025-07-16 11:55:23 ERROR [http-nio-8080-exec-8] c.N.S.s.JwtAuthenticationFilter - Authentication failed
2025-07-16 11:55:23 ERROR [http-nio-8080-exec-4] c.N.S.s.JwtAuthenticationFilter - Authentication failed
2025-07-16 11:55:24 ERROR [http-nio-8080-exec-1] c.N.S.s.JwtAuthenticationFilter - Authentication failed
2025-07-16 11:55:24 ERROR [http-nio-8080-exec-6] c.N.S.s.JwtAuthenticationFilter - Authentication failed
2025-07-16 12:00:09 ERROR [http-nio-8080-exec-2] c.N.S.s.JwtAuthenticationFilter - Authentication failed
2025-07-16 12:00:09 ERROR [http-nio-8080-exec-9] c.N.S.s.JwtAuthenticationFilter - Authentication failed
2025-07-16 12:00:10 ERROR [http-nio-8080-exec-8] c.N.S.s.JwtAuthenticationFilter - Authentication failed
2025-07-16 12:00:10 ERROR [http-nio-8080-exec-4] c.N.S.s.JwtAuthenticationFilter - Authentication failed
2025-07-16 12:00:11 ERROR [http-nio-8080-exec-1] c.N.S.s.JwtAuthenticationFilter - Authentication failed
2025-07-16 12:00:11 ERROR [http-nio-8080-exec-6] c.N.S.s.JwtAuthenticationFilter - Authentication failed
2025-07-16 12:00:31 ERROR [http-nio-8080-exec-8] c.N.S.s.JwtAuthenticationFilter - Authentication failed
2025-07-16 12:00:31 ERROR [http-nio-8080-exec-4] c.N.S.s.JwtAuthenticationFilter - Authentication failed
2025-07-16 12:00:32 ERROR [http-nio-8080-exec-1] c.N.S.s.JwtAuthenticationFilter - Authentication failed
2025-07-16 12:00:32 ERROR [http-nio-8080-exec-3] c.N.S.s.JwtAuthenticationFilter - Authentication failed
2025-07-16 12:00:32 ERROR [http-nio-8080-exec-5] c.N.S.s.JwtAuthenticationFilter - Authentication failed
2025-07-16 12:00:32 ERROR [http-nio-8080-exec-6] c.N.S.s.JwtAuthenticationFilter - Authentication failed
2025-07-16 12:08:53 ERROR [http-nio-8080-exec-1] c.N.S.s.JwtAuthenticationFilter - Authentication failed
2025-07-16 12:08:53 ERROR [http-nio-8080-exec-4] c.N.S.s.JwtAuthenticationFilter - Authentication failed
2025-07-16 12:08:54 ERROR [http-nio-8080-exec-2] c.N.S.s.JwtAuthenticationFilter - Authentication failed
2025-07-16 12:08:54 ERROR [http-nio-8080-exec-5] c.N.S.s.JwtAuthenticationFilter - Authentication failed
2025-07-16 12:08:55 ERROR [http-nio-8080-exec-3] c.N.S.s.JwtAuthenticationFilter - Authentication failed
2025-07-16 12:08:55 ERROR [http-nio-8080-exec-7] c.N.S.s.JwtAuthenticationFilter - Authentication failed
2025-07-16 12:10:25 ERROR [http-nio-8080-exec-1] c.N.S.s.JwtAuthenticationFilter - Authentication failed
2025-07-16 12:10:25 ERROR [http-nio-8080-exec-2] c.N.S.s.JwtAuthenticationFilter - Authentication failed
2025-07-16 12:10:26 ERROR [http-nio-8080-exec-3] c.N.S.s.JwtAuthenticationFilter - Authentication failed
2025-07-16 12:10:26 ERROR [http-nio-8080-exec-5] c.N.S.s.JwtAuthenticationFilter - Authentication failed
2025-07-16 12:10:26 ERROR [http-nio-8080-exec-7] c.N.S.s.JwtAuthenticationFilter - Authentication failed
2025-07-16 12:10:27 ERROR [http-nio-8080-exec-6] c.N.S.s.JwtAuthenticationFilter - Authentication failed
2025-07-16 12:11:34 ERROR [http-nio-8080-exec-4] c.N.S.s.JwtAuthenticationFilter - Authentication failed
2025-07-16 12:11:34 ERROR [http-nio-8080-exec-1] c.N.S.s.JwtAuthenticationFilter - Authentication failed
2025-07-16 12:11:34 ERROR [http-nio-8080-exec-2] c.N.S.s.JwtAuthenticationFilter - Authentication failed
2025-07-16 12:11:34 ERROR [http-nio-8080-exec-5] c.N.S.s.JwtAuthenticationFilter - Authentication failed
2025-07-16 12:11:35 ERROR [http-nio-8080-exec-7] c.N.S.s.JwtAuthenticationFilter - Authentication failed
2025-07-16 12:11:35 ERROR [http-nio-8080-exec-3] c.N.S.s.JwtAuthenticationFilter - Authentication failed
2025-07-16 12:11:42 ERROR [http-nio-8080-exec-9] c.N.S.s.JwtAuthenticationFilter - Authentication failed
2025-07-16 12:11:42 ERROR [http-nio-8080-exec-4] c.N.S.s.JwtAuthenticationFilter - Authentication failed
2025-07-16 12:11:42 ERROR [http-nio-8080-exec-1] c.N.S.s.JwtAuthenticationFilter - Authentication failed
2025-07-16 12:11:42 ERROR [http-nio-8080-exec-2] c.N.S.s.JwtAuthenticationFilter - Authentication failed
2025-07-16 12:11:43 ERROR [http-nio-8080-exec-5] c.N.S.s.JwtAuthenticationFilter - Authentication failed
2025-07-16 12:11:43 ERROR [http-nio-8080-exec-7] c.N.S.s.JwtAuthenticationFilter - Authentication failed
2025-07-16 12:11:46 ERROR [http-nio-8080-exec-6] c.N.S.s.JwtAuthenticationFilter - Authentication failed
2025-07-16 12:11:46 ERROR [http-nio-8080-exec-8] c.N.S.s.JwtAuthenticationFilter - Authentication failed
2025-07-16 12:11:46 ERROR [http-nio-8080-exec-10] c.N.S.s.JwtAuthenticationFilter - Authentication failed
2025-07-16 12:11:46 ERROR [http-nio-8080-exec-9] c.N.S.s.JwtAuthenticationFilter - Authentication failed
2025-07-16 12:11:46 ERROR [http-nio-8080-exec-4] c.N.S.s.JwtAuthenticationFilter - Authentication failed
2025-07-16 12:11:46 ERROR [http-nio-8080-exec-1] c.N.S.s.JwtAuthenticationFilter - Authentication failed
2025-07-16 12:11:56 ERROR [http-nio-8080-exec-7] c.N.S.s.JwtAuthenticationFilter - Authentication failed
2025-07-16 12:11:56 ERROR [http-nio-8080-exec-3] c.N.S.s.JwtAuthenticationFilter - Authentication failed
2025-07-16 12:11:57 ERROR [http-nio-8080-exec-6] c.N.S.s.JwtAuthenticationFilter - Authentication failed
2025-07-16 12:11:57 ERROR [http-nio-8080-exec-8] c.N.S.s.JwtAuthenticationFilter - Authentication failed
2025-07-16 12:11:58 ERROR [http-nio-8080-exec-9] c.N.S.s.JwtAuthenticationFilter - Authentication failed
2025-07-16 12:11:59 ERROR [http-nio-8080-exec-10] c.N.S.s.JwtAuthenticationFilter - Authentication failed
2025-07-16 12:13:02 ERROR [http-nio-8080-exec-5] c.N.S.s.JwtAuthenticationFilter - Authentication failed
2025-07-16 12:13:02 ERROR [http-nio-8080-exec-7] c.N.S.s.JwtAuthenticationFilter - Authentication failed
2025-07-16 12:13:05 ERROR [http-nio-8080-exec-6] c.N.S.s.JwtAuthenticationFilter - Authentication failed
2025-07-16 12:13:05 ERROR [http-nio-8080-exec-8] c.N.S.s.JwtAuthenticationFilter - Authentication failed
2025-07-16 12:13:05 ERROR [http-nio-8080-exec-9] c.N.S.s.JwtAuthenticationFilter - Authentication failed
2025-07-16 12:13:05 ERROR [http-nio-8080-exec-10] c.N.S.s.JwtAuthenticationFilter - Authentication failed
2025-07-16 12:13:28 ERROR [http-nio-8080-exec-3] c.N.S.s.JwtAuthenticationFilter - Authentication failed
2025-07-16 12:13:28 ERROR [http-nio-8080-exec-5] c.N.S.s.JwtAuthenticationFilter - Authentication failed
2025-07-16 12:13:29 ERROR [http-nio-8080-exec-7] c.N.S.s.JwtAuthenticationFilter - Authentication failed
2025-07-16 12:13:29 ERROR [http-nio-8080-exec-9] c.N.S.s.JwtAuthenticationFilter - Authentication failed
2025-07-16 12:13:29 ERROR [http-nio-8080-exec-8] c.N.S.s.JwtAuthenticationFilter - Authentication failed
2025-07-16 12:13:29 ERROR [http-nio-8080-exec-6] c.N.S.s.JwtAuthenticationFilter - Authentication failed
2025-07-16 12:13:44 ERROR [http-nio-8080-exec-5] c.N.S.s.JwtAuthenticationFilter - Authentication failed
2025-07-16 12:13:44 ERROR [http-nio-8080-exec-7] c.N.S.s.JwtAuthenticationFilter - Authentication failed
2025-07-16 12:13:46 ERROR [http-nio-8080-exec-9] c.N.S.s.JwtAuthenticationFilter - Authentication failed
2025-07-16 12:13:46 ERROR [http-nio-8080-exec-2] c.N.S.s.JwtAuthenticationFilter - Authentication failed
2025-07-16 12:13:46 ERROR [http-nio-8080-exec-6] c.N.S.s.JwtAuthenticationFilter - Authentication failed
2025-07-16 12:13:46 ERROR [http-nio-8080-exec-8] c.N.S.s.JwtAuthenticationFilter - Authentication failed
2025-07-16 12:14:04 ERROR [http-nio-8080-exec-7] c.N.S.s.JwtAuthenticationFilter - Authentication failed
2025-07-16 12:14:05 ERROR [http-nio-8080-exec-9] c.N.S.s.JwtAuthenticationFilter - Authentication failed
2025-07-16 12:14:06 ERROR [http-nio-8080-exec-6] c.N.S.s.JwtAuthenticationFilter - Authentication failed
2025-07-16 12:14:06 ERROR [http-nio-8080-exec-1] c.N.S.s.JwtAuthenticationFilter - Authentication failed
2025-07-16 12:14:07 ERROR [http-nio-8080-exec-8] c.N.S.s.JwtAuthenticationFilter - Authentication failed
2025-07-16 12:14:07 ERROR [http-nio-8080-exec-2] c.N.S.s.JwtAuthenticationFilter - Authentication failed
2025-07-16 12:14:12 ERROR [http-nio-8080-exec-1] c.N.S.s.JwtAuthenticationFilter - Authentication failed
2025-07-16 12:14:12 ERROR [http-nio-8080-exec-9] c.N.S.s.JwtAuthenticationFilter - Authentication failed
2025-07-16 12:14:13 ERROR [http-nio-8080-exec-6] c.N.S.s.JwtAuthenticationFilter - Authentication failed
2025-07-16 12:14:13 ERROR [http-nio-8080-exec-8] c.N.S.s.JwtAuthenticationFilter - Authentication failed
2025-07-16 12:14:13 ERROR [http-nio-8080-exec-3] c.N.S.s.JwtAuthenticationFilter - Authentication failed
2025-07-16 12:14:13 ERROR [http-nio-8080-exec-2] c.N.S.s.JwtAuthenticationFilter - Authentication failed
2025-07-16 12:14:42 ERROR [http-nio-8080-exec-6] c.N.S.s.JwtAuthenticationFilter - Authentication failed
2025-07-16 12:14:42 ERROR [http-nio-8080-exec-8] c.N.S.s.JwtAuthenticationFilter - Authentication failed
2025-07-16 12:14:45 ERROR [http-nio-8080-exec-3] c.N.S.s.JwtAuthenticationFilter - Authentication failed
2025-07-16 12:14:45 ERROR [http-nio-8080-exec-2] c.N.S.s.JwtAuthenticationFilter - Authentication failed
2025-07-16 12:14:45 ERROR [http-nio-8080-exec-10] c.N.S.s.JwtAuthenticationFilter - Authentication failed
2025-07-16 12:14:45 ERROR [http-nio-8080-exec-7] c.N.S.s.JwtAuthenticationFilter - Authentication failed
2025-07-16 12:14:51 ERROR [http-nio-8080-exec-5] c.N.S.s.JwtAuthenticationFilter - Authentication failed
2025-07-16 12:14:51 ERROR [http-nio-8080-exec-9] c.N.S.s.JwtAuthenticationFilter - Authentication failed
2025-07-16 12:14:51 ERROR [http-nio-8080-exec-8] c.N.S.s.JwtAuthenticationFilter - Authentication failed
2025-07-16 12:14:51 ERROR [http-nio-8080-exec-3] c.N.S.s.JwtAuthenticationFilter - Authentication failed
2025-07-16 12:14:51 ERROR [http-nio-8080-exec-2] c.N.S.s.JwtAuthenticationFilter - Authentication failed
2025-07-16 12:14:52 ERROR [http-nio-8080-exec-10] c.N.S.s.JwtAuthenticationFilter - Authentication failed
2025-07-16 12:14:52 ERROR [http-nio-8080-exec-4] c.N.S.s.JwtAuthenticationFilter - Authentication failed
2025-07-16 12:14:53 ERROR [http-nio-8080-exec-7] c.N.S.s.JwtAuthenticationFilter - Authentication failed
2025-07-16 12:14:54 ERROR [http-nio-8080-exec-5] c.N.S.s.JwtAuthenticationFilter - Authentication failed
2025-07-16 12:14:56 ERROR [http-nio-8080-exec-9] c.N.S.s.JwtAuthenticationFilter - Authentication failed
2025-07-16 12:18:18 ERROR [http-nio-8080-exec-10] c.N.S.s.JwtAuthenticationFilter - Authentication failed
2025-07-16 12:18:18 ERROR [http-nio-8080-exec-4] c.N.S.s.JwtAuthenticationFilter - Authentication failed
2025-07-16 12:18:21 ERROR [http-nio-8080-exec-5] c.N.S.s.JwtAuthenticationFilter - Authentication failed
2025-07-16 12:18:21 ERROR [http-nio-8080-exec-9] c.N.S.s.JwtAuthenticationFilter - Authentication failed
2025-07-16 12:18:26 ERROR [http-nio-8080-exec-8] c.N.S.s.JwtAuthenticationFilter - Authentication failed
2025-07-16 12:18:27 ERROR [http-nio-8080-exec-3] c.N.S.s.JwtAuthenticationFilter - Authentication failed
2025-07-16 12:18:28 ERROR [http-nio-8080-exec-10] c.N.S.s.JwtAuthenticationFilter - Authentication failed
2025-07-16 12:18:28 ERROR [http-nio-8080-exec-4] c.N.S.s.JwtAuthenticationFilter - Authentication failed
2025-07-16 12:18:28 ERROR [http-nio-8080-exec-2] c.N.S.s.JwtAuthenticationFilter - Authentication failed
2025-07-16 12:18:28 ERROR [http-nio-8080-exec-7] c.N.S.s.JwtAuthenticationFilter - Authentication failed
2025-07-16 12:18:28 ERROR [http-nio-8080-exec-5] c.N.S.s.JwtAuthenticationFilter - Authentication failed
2025-07-16 12:18:28 ERROR [http-nio-8080-exec-1] c.N.S.s.JwtAuthenticationFilter - Authentication failed
2025-07-16 12:18:29 ERROR [http-nio-8080-exec-9] c.N.S.s.JwtAuthenticationFilter - Authentication failed
2025-07-16 12:18:29 ERROR [http-nio-8080-exec-6] c.N.S.s.JwtAuthenticationFilter - Authentication failed
2025-07-16 12:20:34 ERROR [http-nio-8080-exec-2] c.N.S.s.JwtAuthenticationFilter - Authentication failed
2025-07-16 12:20:37 ERROR [http-nio-8080-exec-9] c.N.S.s.JwtAuthenticationFilter - Authentication failed
2025-07-16 12:20:37 ERROR [http-nio-8080-exec-5] c.N.S.s.JwtAuthenticationFilter - Authentication failed
2025-07-16 12:20:38 ERROR [http-nio-8080-exec-6] c.N.S.s.JwtAuthenticationFilter - Authentication failed
2025-07-16 12:20:38 ERROR [http-nio-8080-exec-3] c.N.S.s.JwtAuthenticationFilter - Authentication failed
2025-07-16 12:20:38 ERROR [http-nio-8080-exec-4] c.N.S.s.JwtAuthenticationFilter - Authentication failed
2025-07-16 12:20:39 ERROR [http-nio-8080-exec-8] c.N.S.s.JwtAuthenticationFilter - Authentication failed
2025-07-16 12:20:41 ERROR [http-nio-8080-exec-10] c.N.S.s.JwtAuthenticationFilter - Authentication failed
2025-07-16 12:20:42 ERROR [http-nio-8080-exec-7] c.N.S.s.JwtAuthenticationFilter - Authentication failed
2025-07-16 12:20:42 ERROR [http-nio-8080-exec-5] c.N.S.s.JwtAuthenticationFilter - Authentication failed
2025-07-16 12:20:44 ERROR [http-nio-8080-exec-9] c.N.S.s.JwtAuthenticationFilter - Authentication failed
2025-07-16 12:20:50 ERROR [http-nio-8080-exec-6] c.N.S.s.JwtAuthenticationFilter - Authentication failed
2025-07-16 12:20:50 ERROR [http-nio-8080-exec-4] c.N.S.s.JwtAuthenticationFilter - Authentication failed
2025-07-16 12:20:52 ERROR [http-nio-8080-exec-1] c.N.S.s.JwtAuthenticationFilter - Authentication failed
2025-07-16 12:20:52 ERROR [http-nio-8080-exec-8] c.N.S.s.JwtAuthenticationFilter - Authentication failed
2025-07-16 12:20:52 ERROR [http-nio-8080-exec-2] c.N.S.s.JwtAuthenticationFilter - Authentication failed
2025-07-16 12:20:52 ERROR [http-nio-8080-exec-10] c.N.S.s.JwtAuthenticationFilter - Authentication failed
2025-07-16 12:20:53 ERROR [http-nio-8080-exec-7] c.N.S.s.JwtAuthenticationFilter - Authentication failed
2025-07-16 12:20:53 ERROR [http-nio-8080-exec-5] c.N.S.s.JwtAuthenticationFilter - Authentication failed
2025-07-16 12:20:55 ERROR [http-nio-8080-exec-9] c.N.S.s.JwtAuthenticationFilter - Authentication failed
2025-07-16 12:20:55 ERROR [http-nio-8080-exec-3] c.N.S.s.JwtAuthenticationFilter - Authentication failed
2025-07-16 12:20:58 ERROR [http-nio-8080-exec-4] c.N.S.s.JwtAuthenticationFilter - Authentication failed
2025-07-16 12:20:58 ERROR [http-nio-8080-exec-1] c.N.S.s.JwtAuthenticationFilter - Authentication failed
2025-07-16 12:20:59 ERROR [http-nio-8080-exec-10] c.N.S.s.JwtAuthenticationFilter - Authentication failed
2025-07-16 12:20:59 ERROR [http-nio-8080-exec-7] c.N.S.s.JwtAuthenticationFilter - Authentication failed
2025-07-16 12:20:59 ERROR [http-nio-8080-exec-2] c.N.S.s.JwtAuthenticationFilter - Authentication failed
2025-07-16 12:20:59 ERROR [http-nio-8080-exec-8] c.N.S.s.JwtAuthenticationFilter - Authentication failed
2025-07-16 12:20:59 ERROR [http-nio-8080-exec-5] c.N.S.s.JwtAuthenticationFilter - Authentication failed
2025-07-16 12:21:00 ERROR [http-nio-8080-exec-9] c.N.S.s.JwtAuthenticationFilter - Authentication failed
2025-07-16 12:21:00 ERROR [http-nio-8080-exec-3] c.N.S.s.JwtAuthenticationFilter - Authentication failed
2025-07-16 12:21:00 ERROR [http-nio-8080-exec-6] c.N.S.s.JwtAuthenticationFilter - Authentication failed
2025-07-16 12:33:45 ERROR [http-nio-8080-exec-8] c.N.S.s.JwtAuthenticationFilter - [JWT FILTER] Invalid JWT token.
2025-07-16 12:33:45 ERROR [http-nio-8080-exec-8] c.N.S.s.JwtAuthenticationFilter - Authentication failed
2025-07-16 12:36:08 ERROR [http-nio-8080-exec-5] c.N.S.s.JwtAuthenticationFilter - [JWT FILTER] Invalid JWT token.
2025-07-16 12:36:08 ERROR [http-nio-8080-exec-5] c.N.S.s.JwtAuthenticationFilter - Authentication failed
2025-07-16 12:36:24 ERROR [http-nio-8080-exec-8] c.N.S.s.JwtAuthenticationFilter - Authentication failed
2025-07-16 12:36:24 ERROR [http-nio-8080-exec-2] c.N.S.s.JwtAuthenticationFilter - Authentication failed
2025-07-16 12:36:32 ERROR [http-nio-8080-exec-9] c.N.S.s.JwtAuthenticationFilter - Authentication failed
2025-07-16 12:36:32 ERROR [http-nio-8080-exec-10] c.N.S.s.JwtAuthenticationFilter - Authentication failed
2025-07-16 12:36:32 ERROR [http-nio-8080-exec-1] c.N.S.s.JwtAuthenticationFilter - Authentication failed
2025-07-16 12:36:32 ERROR [http-nio-8080-exec-3] c.N.S.s.JwtAuthenticationFilter - Authentication failed
2025-07-16 12:36:34 ERROR [http-nio-8080-exec-5] c.N.S.s.JwtAuthenticationFilter - Authentication failed
2025-07-16 12:36:34 ERROR [http-nio-8080-exec-4] c.N.S.s.JwtAuthenticationFilter - Authentication failed
2025-07-16 12:36:34 ERROR [http-nio-8080-exec-8] c.N.S.s.JwtAuthenticationFilter - Authentication failed
2025-07-16 12:36:34 ERROR [http-nio-8080-exec-7] c.N.S.s.JwtAuthenticationFilter - Authentication failed
2025-07-16 12:36:35 ERROR [http-nio-8080-exec-2] c.N.S.s.JwtAuthenticationFilter - Authentication failed
2025-07-16 12:36:36 ERROR [http-nio-8080-exec-1] c.N.S.s.JwtAuthenticationFilter - Authentication failed
2025-07-16 12:36:36 ERROR [http-nio-8080-exec-10] c.N.S.s.JwtAuthenticationFilter - Authentication failed
2025-07-16 12:36:36 ERROR [http-nio-8080-exec-6] c.N.S.s.JwtAuthenticationFilter - Authentication failed
2025-07-16 12:36:37 ERROR [http-nio-8080-exec-4] c.N.S.s.JwtAuthenticationFilter - Authentication failed
2025-07-16 12:36:37 ERROR [http-nio-8080-exec-7] c.N.S.s.JwtAuthenticationFilter - Authentication failed
2025-07-16 12:36:38 ERROR [http-nio-8080-exec-8] c.N.S.s.JwtAuthenticationFilter - Authentication failed
2025-07-16 12:36:40 ERROR [http-nio-8080-exec-2] c.N.S.s.JwtAuthenticationFilter - Authentication failed
2025-07-16 12:36:41 ERROR [http-nio-8080-exec-3] c.N.S.s.JwtAuthenticationFilter - Authentication failed
2025-07-16 12:36:41 ERROR [http-nio-8080-exec-1] c.N.S.s.JwtAuthenticationFilter - Authentication failed
2025-07-16 12:36:41 ERROR [http-nio-8080-exec-9] c.N.S.s.JwtAuthenticationFilter - Authentication failed
2025-07-16 12:36:42 ERROR [http-nio-8080-exec-10] c.N.S.s.JwtAuthenticationFilter - Authentication failed
2025-07-16 12:36:42 ERROR [http-nio-8080-exec-8] c.N.S.s.JwtAuthenticationFilter - Authentication failed
2025-07-16 12:36:42 ERROR [http-nio-8080-exec-6] c.N.S.s.JwtAuthenticationFilter - Authentication failed
2025-07-16 12:36:42 ERROR [http-nio-8080-exec-5] c.N.S.s.JwtAuthenticationFilter - Authentication failed
2025-07-16 12:36:43 ERROR [http-nio-8080-exec-9] c.N.S.s.JwtAuthenticationFilter - Authentication failed
2025-07-16 12:36:43 ERROR [http-nio-8080-exec-7] c.N.S.s.JwtAuthenticationFilter - Authentication failed
2025-07-16 12:36:44 ERROR [http-nio-8080-exec-4] c.N.S.s.JwtAuthenticationFilter - Authentication failed
2025-07-16 12:36:44 ERROR [http-nio-8080-exec-2] c.N.S.s.JwtAuthenticationFilter - Authentication failed
2025-07-16 12:36:44 ERROR [http-nio-8080-exec-3] c.N.S.s.JwtAuthenticationFilter - Authentication failed
2025-07-16 12:36:45 ERROR [http-nio-8080-exec-10] c.N.S.s.JwtAuthenticationFilter - Authentication failed
2025-07-16 12:36:46 ERROR [http-nio-8080-exec-1] c.N.S.s.JwtAuthenticationFilter - Authentication failed
2025-07-16 12:36:46 ERROR [http-nio-8080-exec-8] c.N.S.s.JwtAuthenticationFilter - Authentication failed
2025-07-16 12:36:47 ERROR [http-nio-8080-exec-6] c.N.S.s.JwtAuthenticationFilter - Authentication failed
2025-07-16 12:36:47 ERROR [http-nio-8080-exec-5] c.N.S.s.JwtAuthenticationFilter - Authentication failed
2025-07-16 12:36:48 ERROR [http-nio-8080-exec-7] c.N.S.s.JwtAuthenticationFilter - Authentication failed
2025-07-16 12:37:56 ERROR [http-nio-8080-exec-6] c.N.S.s.JwtAuthenticationFilter - Authentication failed
2025-07-16 12:37:56 ERROR [http-nio-8080-exec-5] c.N.S.s.JwtAuthenticationFilter - Authentication failed
2025-07-16 12:37:56 ERROR [http-nio-8080-exec-9] c.N.S.s.JwtAuthenticationFilter - Authentication failed
2025-07-16 12:37:56 ERROR [http-nio-8080-exec-2] c.N.S.s.JwtAuthenticationFilter - Authentication failed
2025-07-16 12:37:56 ERROR [http-nio-8080-exec-10] c.N.S.s.JwtAuthenticationFilter - Authentication failed
2025-07-16 12:37:56 ERROR [http-nio-8080-exec-4] c.N.S.s.JwtAuthenticationFilter - Authentication failed
2025-07-16 12:37:57 ERROR [http-nio-8080-exec-7] c.N.S.s.JwtAuthenticationFilter - Authentication failed
2025-07-16 12:37:57 ERROR [http-nio-8080-exec-3] c.N.S.s.JwtAuthenticationFilter - Authentication failed
2025-07-16 12:37:58 ERROR [http-nio-8080-exec-1] c.N.S.s.JwtAuthenticationFilter - Authentication failed
2025-07-16 12:37:59 ERROR [http-nio-8080-exec-8] c.N.S.s.JwtAuthenticationFilter - Authentication failed
2025-07-16 12:38:06 ERROR [http-nio-8080-exec-5] c.N.S.s.JwtAuthenticationFilter - Authentication failed
2025-07-16 12:38:06 ERROR [http-nio-8080-exec-4] c.N.S.s.JwtAuthenticationFilter - Authentication failed
2025-07-16 12:38:07 ERROR [http-nio-8080-exec-2] c.N.S.s.JwtAuthenticationFilter - Authentication failed
2025-07-16 12:38:07 ERROR [http-nio-8080-exec-10] c.N.S.s.JwtAuthenticationFilter - Authentication failed
2025-07-16 12:38:07 ERROR [http-nio-8080-exec-3] c.N.S.s.JwtAuthenticationFilter - Authentication failed
2025-07-16 12:38:07 ERROR [http-nio-8080-exec-9] c.N.S.s.JwtAuthenticationFilter - Authentication failed
2025-07-16 12:38:07 ERROR [http-nio-8080-exec-7] c.N.S.s.JwtAuthenticationFilter - Authentication failed
2025-07-16 12:38:08 ERROR [http-nio-8080-exec-1] c.N.S.s.JwtAuthenticationFilter - Authentication failed
2025-07-16 12:38:09 ERROR [http-nio-8080-exec-8] c.N.S.s.JwtAuthenticationFilter - Authentication failed
2025-07-16 12:38:10 ERROR [http-nio-8080-exec-6] c.N.S.s.JwtAuthenticationFilter - Authentication failed
2025-07-16 12:38:44 ERROR [http-nio-8080-exec-2] c.N.S.s.JwtAuthenticationFilter - Authentication failed
2025-07-16 12:38:44 ERROR [http-nio-8080-exec-4] c.N.S.s.JwtAuthenticationFilter - Authentication failed
2025-07-16 12:38:44 ERROR [http-nio-8080-exec-10] c.N.S.s.JwtAuthenticationFilter - Authentication failed
2025-07-16 12:38:44 ERROR [http-nio-8080-exec-9] c.N.S.s.JwtAuthenticationFilter - Authentication failed
2025-07-16 12:38:44 ERROR [http-nio-8080-exec-1] c.N.S.s.JwtAuthenticationFilter - Authentication failed
2025-07-16 12:38:44 ERROR [http-nio-8080-exec-3] c.N.S.s.JwtAuthenticationFilter - Authentication failed
2025-07-16 12:38:44 ERROR [http-nio-8080-exec-7] c.N.S.s.JwtAuthenticationFilter - Authentication failed
2025-07-16 12:38:44 ERROR [http-nio-8080-exec-8] c.N.S.s.JwtAuthenticationFilter - Authentication failed
2025-07-16 12:38:46 ERROR [http-nio-8080-exec-6] c.N.S.s.JwtAuthenticationFilter - Authentication failed
2025-07-16 12:38:46 ERROR [http-nio-8080-exec-5] c.N.S.s.JwtAuthenticationFilter - Authentication failed
2025-07-16 12:38:54 ERROR [http-nio-8080-exec-9] c.N.S.s.JwtAuthenticationFilter - Authentication failed
2025-07-16 12:38:54 ERROR [http-nio-8080-exec-2] c.N.S.s.JwtAuthenticationFilter - Authentication failed
2025-07-16 12:38:55 ERROR [http-nio-8080-exec-3] c.N.S.s.JwtAuthenticationFilter - Authentication failed
2025-07-16 12:38:55 ERROR [http-nio-8080-exec-10] c.N.S.s.JwtAuthenticationFilter - Authentication failed
2025-07-16 12:38:55 ERROR [http-nio-8080-exec-8] c.N.S.s.JwtAuthenticationFilter - Authentication failed
2025-07-16 12:38:55 ERROR [http-nio-8080-exec-1] c.N.S.s.JwtAuthenticationFilter - Authentication failed
2025-07-16 12:38:56 ERROR [http-nio-8080-exec-7] c.N.S.s.JwtAuthenticationFilter - Authentication failed
2025-07-16 12:38:56 ERROR [http-nio-8080-exec-6] c.N.S.s.JwtAuthenticationFilter - Authentication failed
2025-07-16 12:38:56 ERROR [http-nio-8080-exec-5] c.N.S.s.JwtAuthenticationFilter - Authentication failed
2025-07-16 12:38:57 ERROR [http-nio-8080-exec-4] c.N.S.s.JwtAuthenticationFilter - Authentication failed
2025-07-16 12:40:06 ERROR [http-nio-8080-exec-1] c.N.S.s.JwtAuthenticationFilter - Authentication failed
2025-07-16 12:40:06 ERROR [http-nio-8080-exec-6] c.N.S.s.JwtAuthenticationFilter - Authentication failed
2025-07-16 12:40:06 ERROR [http-nio-8080-exec-7] c.N.S.s.JwtAuthenticationFilter - Authentication failed
2025-07-16 12:40:06 ERROR [http-nio-8080-exec-5] c.N.S.s.JwtAuthenticationFilter - Authentication failed
2025-07-16 12:40:06 ERROR [http-nio-8080-exec-4] c.N.S.s.JwtAuthenticationFilter - Authentication failed
2025-07-16 12:40:06 ERROR [http-nio-8080-exec-2] c.N.S.s.JwtAuthenticationFilter - Authentication failed
2025-07-16 12:40:06 ERROR [http-nio-8080-exec-9] c.N.S.s.JwtAuthenticationFilter - Authentication failed
2025-07-16 12:40:07 ERROR [http-nio-8080-exec-10] c.N.S.s.JwtAuthenticationFilter - Authentication failed
2025-07-16 12:40:07 ERROR [http-nio-8080-exec-3] c.N.S.s.JwtAuthenticationFilter - Authentication failed
2025-07-16 12:40:08 ERROR [http-nio-8080-exec-8] c.N.S.s.JwtAuthenticationFilter - Authentication failed
2025-07-16 12:40:12 ERROR [http-nio-8080-exec-6] c.N.S.s.JwtAuthenticationFilter - Authentication failed
2025-07-16 12:40:12 ERROR [http-nio-8080-exec-7] c.N.S.s.JwtAuthenticationFilter - Authentication failed
2025-07-16 12:40:13 ERROR [http-nio-8080-exec-4] c.N.S.s.JwtAuthenticationFilter - Authentication failed
2025-07-16 12:40:13 ERROR [http-nio-8080-exec-5] c.N.S.s.JwtAuthenticationFilter - Authentication failed
2025-07-16 12:40:13 ERROR [http-nio-8080-exec-9] c.N.S.s.JwtAuthenticationFilter - Authentication failed
2025-07-16 12:40:13 ERROR [http-nio-8080-exec-2] c.N.S.s.JwtAuthenticationFilter - Authentication failed
2025-07-16 12:40:14 ERROR [http-nio-8080-exec-3] c.N.S.s.JwtAuthenticationFilter - Authentication failed
2025-07-16 12:40:15 ERROR [http-nio-8080-exec-10] c.N.S.s.JwtAuthenticationFilter - Authentication failed
2025-07-16 12:40:16 ERROR [http-nio-8080-exec-1] c.N.S.s.JwtAuthenticationFilter - Authentication failed
2025-07-16 12:40:17 ERROR [http-nio-8080-exec-6] c.N.S.s.JwtAuthenticationFilter - Authentication failed
2025-07-16 12:42:29 ERROR [http-nio-8080-exec-9] c.N.S.s.JwtAuthenticationFilter - Authentication failed
2025-07-16 12:42:30 ERROR [http-nio-8080-exec-10] c.N.S.s.JwtAuthenticationFilter - Authentication failed
2025-07-16 12:42:34 ERROR [http-nio-8080-exec-7] c.N.S.s.JwtAuthenticationFilter - Authentication failed
2025-07-16 12:42:34 ERROR [http-nio-8080-exec-4] c.N.S.s.JwtAuthenticationFilter - Authentication failed
2025-07-16 12:42:35 ERROR [http-nio-8080-exec-5] c.N.S.s.JwtAuthenticationFilter - Authentication failed
2025-07-16 12:42:35 ERROR [http-nio-8080-exec-2] c.N.S.s.JwtAuthenticationFilter - Authentication failed
2025-07-16 12:42:35 ERROR [http-nio-8080-exec-9] c.N.S.s.JwtAuthenticationFilter - Authentication failed
2025-07-16 12:42:35 ERROR [http-nio-8080-exec-8] c.N.S.s.JwtAuthenticationFilter - Authentication failed
2025-07-16 12:42:36 ERROR [http-nio-8080-exec-10] c.N.S.s.JwtAuthenticationFilter - Authentication failed
2025-07-16 12:42:36 ERROR [http-nio-8080-exec-3] c.N.S.s.JwtAuthenticationFilter - Authentication failed
2025-07-16 12:42:37 ERROR [http-nio-8080-exec-1] c.N.S.s.JwtAuthenticationFilter - Authentication failed
2025-07-16 12:42:37 ERROR [http-nio-8080-exec-6] c.N.S.s.JwtAuthenticationFilter - Authentication failed
2025-07-16 12:42:38 ERROR [http-nio-8080-exec-4] c.N.S.s.JwtAuthenticationFilter - Authentication failed
2025-07-16 12:42:41 ERROR [http-nio-8080-exec-2] c.N.S.s.JwtAuthenticationFilter - Authentication failed
2025-07-16 12:42:41 ERROR [http-nio-8080-exec-9] c.N.S.s.JwtAuthenticationFilter - Authentication failed
2025-07-16 12:42:41 ERROR [http-nio-8080-exec-8] c.N.S.s.JwtAuthenticationFilter - Authentication failed
2025-07-16 12:42:41 ERROR [http-nio-8080-exec-3] c.N.S.s.JwtAuthenticationFilter - Authentication failed
2025-07-16 12:42:41 ERROR [http-nio-8080-exec-6] c.N.S.s.JwtAuthenticationFilter - Authentication failed
2025-07-16 12:42:41 ERROR [http-nio-8080-exec-10] c.N.S.s.JwtAuthenticationFilter - Authentication failed
2025-07-16 12:42:42 ERROR [http-nio-8080-exec-1] c.N.S.s.JwtAuthenticationFilter - Authentication failed
2025-07-16 12:42:42 ERROR [http-nio-8080-exec-7] c.N.S.s.JwtAuthenticationFilter - Authentication failed
2025-07-16 12:42:43 ERROR [http-nio-8080-exec-4] c.N.S.s.JwtAuthenticationFilter - Authentication failed
2025-07-16 12:42:43 ERROR [http-nio-8080-exec-5] c.N.S.s.JwtAuthenticationFilter - Authentication failed
2025-07-16 12:46:48 ERROR [http-nio-8080-exec-3] c.N.S.s.JwtAuthenticationFilter - Authentication failed
2025-07-16 12:46:48 ERROR [http-nio-8080-exec-7] c.N.S.s.JwtAuthenticationFilter - Authentication failed
2025-07-16 12:46:49 ERROR [http-nio-8080-exec-1] c.N.S.s.JwtAuthenticationFilter - Authentication failed
2025-07-16 12:46:49 ERROR [http-nio-8080-exec-4] c.N.S.s.JwtAuthenticationFilter - Authentication failed
2025-07-16 12:46:49 ERROR [http-nio-8080-exec-2] c.N.S.s.JwtAuthenticationFilter - Authentication failed
2025-07-16 12:46:49 ERROR [http-nio-8080-exec-5] c.N.S.s.JwtAuthenticationFilter - Authentication failed
2025-07-16 12:46:49 ERROR [http-nio-8080-exec-8] c.N.S.s.JwtAuthenticationFilter - Authentication failed
2025-07-16 12:46:49 ERROR [http-nio-8080-exec-10] c.N.S.s.JwtAuthenticationFilter - Authentication failed
2025-07-16 12:46:50 ERROR [http-nio-8080-exec-6] c.N.S.s.JwtAuthenticationFilter - Authentication failed
2025-07-16 12:46:51 ERROR [http-nio-8080-exec-3] c.N.S.s.JwtAuthenticationFilter - Authentication failed
2025-07-16 12:47:21 ERROR [http-nio-8080-exec-9] c.N.S.s.JwtAuthenticationFilter - Authentication failed
2025-07-16 12:47:21 ERROR [http-nio-8080-exec-5] c.N.S.s.JwtAuthenticationFilter - Authentication failed
2025-07-16 12:47:22 ERROR [http-nio-8080-exec-10] c.N.S.s.JwtAuthenticationFilter - Authentication failed
2025-07-16 12:47:22 ERROR [http-nio-8080-exec-3] c.N.S.s.JwtAuthenticationFilter - Authentication failed
2025-07-16 12:47:22 ERROR [http-nio-8080-exec-6] c.N.S.s.JwtAuthenticationFilter - Authentication failed
2025-07-16 12:47:22 ERROR [http-nio-8080-exec-8] c.N.S.s.JwtAuthenticationFilter - Authentication failed
2025-07-16 12:47:23 ERROR [http-nio-8080-exec-1] c.N.S.s.JwtAuthenticationFilter - Authentication failed
2025-07-16 12:47:23 ERROR [http-nio-8080-exec-4] c.N.S.s.JwtAuthenticationFilter - Authentication failed
2025-07-16 12:47:24 ERROR [http-nio-8080-exec-7] c.N.S.s.JwtAuthenticationFilter - Authentication failed
2025-07-16 12:47:24 ERROR [http-nio-8080-exec-2] c.N.S.s.JwtAuthenticationFilter - Authentication failed
