2025-07-12 10:21:59 INFO  c.N.S.Service.InternshipOfferService - DocumentService initialized with upload directory: null
2025-07-12 10:25:41 INFO  c.N.S.Service.InternshipOfferService - DocumentService initialized with upload directory: null
2025-07-12 10:26:47 INFO  c.N.S.Service.InternshipOfferService - DocumentService initialized with upload directory: null
2025-07-12 10:26:49 INFO  c.N.S.Service.InternshipOfferService - DocumentService initialized with upload directory: null
2025-07-12 10:26:59 INFO  c.N.S.Service.InternshipOfferService - DocumentService initialized with upload directory: null
2025-07-12 10:27:03 INFO  c.N.S.Service.InternshipOfferService - DocumentService initialized with upload directory: null
2025-07-12 10:27:17 INFO  c.N.S.Service.InternshipOfferService - DocumentService initialized with upload directory: null
2025-07-12 10:28:52 INFO  c.N.S.Service.InternshipOfferService - DocumentService initialized with upload directory: null
2025-07-12 10:28:56 INFO  c.N.S.Service.InternshipOfferService - DocumentService initialized with upload directory: null
2025-07-12 10:28:59 INFO  c.N.S.Service.InternshipOfferService - DocumentService initialized with upload directory: null
2025-07-12 10:29:34 INFO  c.N.S.Service.InternshipOfferService - DocumentService initialized with upload directory: null
2025-07-12 10:29:58 INFO  c.N.S.Service.InternshipOfferService - DocumentService initialized with upload directory: null
2025-07-12 10:30:01 INFO  c.N.S.Service.InternshipOfferService - DocumentService initialized with upload directory: null
2025-07-12 10:30:12 INFO  c.N.S.Service.InternshipOfferService - DocumentService initialized with upload directory: null
2025-07-12 10:30:21 INFO  c.N.S.Service.InternshipOfferService - DocumentService initialized with upload directory: null
2025-07-12 10:30:24 INFO  c.N.S.Service.InternshipOfferService - DocumentService initialized with upload directory: null
2025-07-12 10:31:23 INFO  c.N.S.Service.InternshipOfferService - DocumentService initialized with upload directory: null
2025-07-12 10:31:26 INFO  c.N.S.Service.InternshipOfferService - DocumentService initialized with upload directory: null
2025-07-12 10:31:36 INFO  c.N.S.Service.InternshipOfferService - DocumentService initialized with upload directory: null
2025-07-12 10:31:38 INFO  c.N.S.Service.InternshipOfferService - DocumentService initialized with upload directory: null
2025-07-12 10:32:05 INFO  c.N.S.Service.InternshipOfferService - DocumentService initialized with upload directory: null
2025-07-12 10:32:13 INFO  c.N.S.Service.InternshipOfferService - DocumentService initialized with upload directory: null
2025-07-12 10:32:20 INFO  c.N.S.Service.InternshipOfferService - DocumentService initialized with upload directory: null
2025-07-12 10:33:27 INFO  c.N.S.Service.InternshipOfferService - DocumentService initialized with upload directory: null
2025-07-12 10:33:35 INFO  c.N.S.Service.InternshipOfferService - DocumentService initialized with upload directory: null
2025-07-12 10:33:58 INFO  c.N.S.Service.InternshipOfferService - DocumentService initialized with upload directory: null
2025-07-12 10:34:00 INFO  c.N.S.Service.InternshipOfferService - DocumentService initialized with upload directory: null
2025-07-12 10:37:18 INFO  c.N.S.Service.InternshipOfferService - DocumentService initialized with upload directory: null
2025-07-12 10:37:22 INFO  c.N.S.Service.InternshipOfferService - DocumentService initialized with upload directory: null
2025-07-12 10:37:41 INFO  c.N.S.Service.InternshipOfferService - DocumentService initialized with upload directory: null
2025-07-12 10:51:55 INFO  c.N.S.Service.InternshipOfferService - DocumentService initialized with upload directory: null
2025-07-12 10:52:00 INFO  c.N.S.Service.InternshipOfferService - DocumentService initialized with upload directory: null
2025-07-12 10:52:02 INFO  c.N.S.Service.InternshipOfferService - DocumentService initialized with upload directory: null
2025-07-12 10:52:06 INFO  c.N.S.Service.InternshipOfferService - DocumentService initialized with upload directory: null
2025-07-12 15:40:45 INFO  c.N.S.Service.InternshipOfferService - DocumentService initialized with upload directory: null
2025-07-12 15:42:59 INFO  c.N.S.Service.InternshipOfferService - Attempting to retrieve all InternshipOffers
<<<<<<< HEAD
<<<<<<< HEAD
2025-07-12 16:17:37 INFO  c.N.S.Service.InternshipOfferService - DocumentService initialized with upload directory: null
2025-07-12 16:59:18 INFO  c.N.S.Service.InternshipOfferService - DocumentService initialized with upload directory: null
2025-07-12 17:02:59 INFO  c.N.S.Service.InternshipOfferService - DocumentService initialized with upload directory: null
2025-07-12 17:05:24 INFO  c.N.S.Service.InternshipOfferService - DocumentService initialized with upload directory: null
2025-07-12 17:05:34 INFO  c.N.S.Service.InternshipOfferService - DocumentService initialized with upload directory: null
2025-07-12 17:05:42 INFO  c.N.S.Service.InternshipOfferService - DocumentService initialized with upload directory: null
2025-07-12 17:05:47 INFO  c.N.S.Service.InternshipOfferService - DocumentService initialized with upload directory: null
2025-07-12 17:06:20 INFO  c.N.S.Service.InternshipOfferService - DocumentService initialized with upload directory: null
2025-07-12 17:06:32 INFO  c.N.S.Service.InternshipOfferService - DocumentService initialized with upload directory: null
2025-07-12 17:06:36 INFO  c.N.S.Service.InternshipOfferService - DocumentService initialized with upload directory: null
2025-07-12 17:11:50 INFO  c.N.S.Service.InternshipOfferService - DocumentService initialized with upload directory: null
2025-07-12 17:12:00 INFO  c.N.S.Service.InternshipOfferService - DocumentService initialized with upload directory: null
2025-07-12 17:43:47 INFO  c.N.S.Service.InternshipOfferService - Attempting to find InternshipOffers for Company ID: 38
2025-07-12 17:44:58 INFO  c.N.S.Service.InternshipOfferService - Attempting to find InternshipOffers for Company ID: 38
2025-07-12 17:45:01 INFO  c.N.S.Service.InternshipOfferService - Attempting to find InternshipOffers for Company ID: 38
2025-07-12 17:45:01 INFO  c.N.S.Service.InternshipOfferService - Attempting to find InternshipOffers for Company ID: 38
2025-07-12 17:48:04 INFO  c.N.S.Service.InternshipOfferService - Attempting to find InternshipOffers for Company ID: 38
2025-07-12 17:56:07 INFO  c.N.S.Service.InternshipOfferService - Attempting to find InternshipOffers for Company ID: 38
2025-07-12 18:21:33 INFO  c.N.S.Service.InternshipOfferService - Attempting to find InternshipOffers for Company ID: 43
2025-07-12 18:59:08 INFO  c.N.S.Service.InternshipOfferService - DocumentService initialized with upload directory: null
2025-07-12 18:59:20 INFO  c.N.S.Service.InternshipOfferService - DocumentService initialized with upload directory: null
2025-07-12 19:05:48 INFO  c.N.S.Service.InternshipOfferService - DocumentService initialized with upload directory: null
2025-07-12 19:14:03 INFO  c.N.S.Service.InternshipOfferService - DocumentService initialized with upload directory: null
2025-07-12 19:14:09 INFO  c.N.S.Service.InternshipOfferService - DocumentService initialized with upload directory: null
2025-07-12 19:16:30 INFO  c.N.S.Service.InternshipOfferService - DocumentService initialized with upload directory: null
2025-07-12 19:16:34 INFO  c.N.S.Service.InternshipOfferService - DocumentService initialized with upload directory: null
2025-07-12 19:23:37 INFO  c.N.S.Service.InternshipOfferService - Saving document for candidate: brn81@gmail.com
2025-07-12 19:28:21 INFO  c.N.S.Service.InternshipOfferService - Saving document for candidate: brn91@gmail.com
2025-07-12 19:34:01 INFO  c.N.S.Service.InternshipOfferService - Saving document for candidate: brn101@gmail.com
2025-07-12 19:37:25 INFO  c.N.S.Service.InternshipOfferService - Saving document for candidate: brn102@gmail.com
2025-07-12 19:53:17 INFO  c.N.S.Service.InternshipOfferService - Saving document for candidate: brn104@gmail.com
2025-07-12 19:55:59 INFO  c.N.S.Service.InternshipOfferService - Saving document for candidate: brn105@gmail.com
2025-07-12 20:05:07 INFO  c.N.S.Service.InternshipOfferService - DocumentService initialized with upload directory: null
2025-07-12 20:07:23 INFO  c.N.S.Service.InternshipOfferService - Attempting to find InternshipOffers for Company ID: 58
2025-07-12 20:27:02 INFO  c.N.S.Service.InternshipOfferService - Attempting to find InternshipOffers for Company ID: 58
2025-07-12 21:44:57 INFO  c.N.S.Service.InternshipOfferService - DocumentService initialized with upload directory: null
2025-07-12 21:45:19 INFO  c.N.S.Service.InternshipOfferService - DocumentService initialized with upload directory: null
2025-07-12 21:45:25 INFO  c.N.S.Service.InternshipOfferService - DocumentService initialized with upload directory: null
2025-07-12 21:45:34 INFO  c.N.S.Service.InternshipOfferService - DocumentService initialized with upload directory: null
=======
<<<<<<< Updated upstream
=======
2025-07-12 16:17:37 INFO  c.N.S.Service.InternshipOfferService - DocumentService initialized with upload directory: null
>>>>>>> Stashed changes
2025-07-12 16:40:15 INFO  c.N.S.Service.InternshipOfferService - DocumentService initialized with upload directory: null
>>>>>>> main
=======
2025-07-12 16:42:17 INFO  c.N.S.Service.InternshipOfferService - DocumentService initialized with upload directory: null
2025-07-12 16:42:49 INFO  c.N.S.Service.InternshipOfferService - DocumentService initialized with upload directory: null
2025-07-12 16:48:21 INFO  c.N.S.Service.InternshipOfferService - DocumentService initialized with upload directory: null
2025-07-12 16:52:20 INFO  c.N.S.Service.InternshipOfferService - Attempting to retrieve all InternshipOffers
2025-07-12 16:52:45 INFO  c.N.S.Service.InternshipOfferService - Attempting to save a new InternshipOffer: Estágio de Desenvolvimento Android
2025-07-12 16:52:57 INFO  c.N.S.Service.InternshipOfferService - Attempting to retrieve all InternshipOffers
2025-07-12 16:53:52 INFO  c.N.S.Service.InternshipOfferService - Attempting to save a new InternshipOffer: Estágio de Desenvolvimento Android
2025-07-12 16:53:56 INFO  c.N.S.Service.InternshipOfferService - Attempting to save a new InternshipOffer: Estágio de Desenvolvimento Android
2025-07-12 16:54:01 INFO  c.N.S.Service.InternshipOfferService - Attempting to save a new InternshipOffer: Estágio de Desenvolvimento Android
2025-07-12 16:54:40 INFO  c.N.S.Service.InternshipOfferService - Attempting to save a new InternshipOffer: Estágio de Desenvolvimento Android
2025-07-12 16:54:51 INFO  c.N.S.Service.InternshipOfferService - Attempting to save a new InternshipOffer: Estágio de Desenvolvimento Android
2025-07-12 16:57:21 INFO  c.N.S.Service.InternshipOfferService - Attempting to retrieve all InternshipOffers
2025-07-12 16:57:34 INFO  c.N.S.Service.InternshipOfferService - Attempting to retrieve all InternshipOffers
2025-07-12 17:00:49 INFO  c.N.S.Service.InternshipOfferService - DocumentService initialized with upload directory: null
2025-07-12 18:12:54 INFO  c.N.S.Service.InternshipOfferService - DocumentService initialized with upload directory: null
2025-07-12 18:29:52 INFO  c.N.S.Service.InternshipOfferService - DocumentService initialized with upload directory: null
2025-07-12 18:29:56 INFO  c.N.S.Service.InternshipOfferService - DocumentService initialized with upload directory: null
2025-07-12 18:34:12 INFO  c.N.S.Service.InternshipOfferService - DocumentService initialized with upload directory: null
2025-07-12 18:34:16 INFO  c.N.S.Service.InternshipOfferService - DocumentService initialized with upload directory: null
2025-07-12 18:34:20 INFO  c.N.S.Service.InternshipOfferService - DocumentService initialized with upload directory: null
2025-07-12 20:00:14 INFO  c.N.S.Service.InternshipOfferService - DocumentService initialized with upload directory: null
2025-07-13 08:57:38 INFO  c.N.S.Service.InternshipOfferService - Attempting to retrieve all InternshipOffers
2025-07-13 09:15:04 INFO  c.N.S.Service.InternshipOfferService - Attempting to save a new InternshipOffer: teste
2025-07-13 09:20:12 INFO  c.N.S.Service.InternshipOfferService - Attempting to save a new InternshipOffer: dfsf
2025-07-13 09:20:22 INFO  c.N.S.Service.InternshipOfferService - Attempting to save a new InternshipOffer: dfsffsdf
2025-07-13 09:20:32 INFO  c.N.S.Service.InternshipOfferService - Attempting to save a new InternshipOffer: dfsffsdf
2025-07-13 09:21:43 INFO  c.N.S.Service.InternshipOfferService - Attempting to save a new InternshipOffer: testeteste
2025-07-13 09:22:48 INFO  c.N.S.Service.InternshipOfferService - Attempting to save a new InternshipOffer: testetesteteset
2025-07-13 09:25:28 INFO  c.N.S.Service.InternshipOfferService - Attempting to retrieve all InternshipOffers
2025-07-13 09:26:24 INFO  c.N.S.Service.InternshipOfferService - Attempting to retrieve all InternshipOffers
2025-07-13 09:30:59 INFO  c.N.S.Service.InternshipOfferService - Attempting to retrieve all InternshipOffers
2025-07-13 09:32:00 INFO  c.N.S.Service.InternshipOfferService - Attempting to retrieve all InternshipOffers
2025-07-13 09:35:32 INFO  c.N.S.Service.InternshipOfferService - Attempting to retrieve all InternshipOffers
2025-07-13 09:35:47 INFO  c.N.S.Service.InternshipOfferService - Attempting to retrieve all InternshipOffers
2025-07-13 09:36:39 INFO  c.N.S.Service.InternshipOfferService - Attempting to retrieve all InternshipOffers
2025-07-13 09:52:44 INFO  c.N.S.Service.InternshipOfferService - Attempting to retrieve all InternshipOffers
2025-07-13 10:01:47 INFO  c.N.S.Service.InternshipOfferService - DocumentService initialized with upload directory: null
2025-07-13 10:01:50 INFO  c.N.S.Service.InternshipOfferService - Attempting to retrieve all InternshipOffers
2025-07-13 10:19:14 INFO  c.N.S.Service.InternshipOfferService - Attempting to retrieve all InternshipOffers
2025-07-13 10:34:53 INFO  c.N.S.Service.InternshipOfferService - Attempting to retrieve all InternshipOffers
2025-07-13 10:35:14 INFO  c.N.S.Service.InternshipOfferService - Attempting to retrieve all InternshipOffers
2025-07-13 10:36:13 INFO  c.N.S.Service.InternshipOfferService - Attempting to retrieve all InternshipOffers
2025-07-13 10:37:02 INFO  c.N.S.Service.InternshipOfferService - Attempting to find InternshipOffer with ID: 2
2025-07-13 10:37:07 INFO  c.N.S.Service.InternshipOfferService - Attempting to find InternshipOffer with ID: 9
2025-07-13 10:39:40 INFO  c.N.S.Service.InternshipOfferService - Attempting to find InternshipOffer with ID: 9
2025-07-13 10:40:05 INFO  c.N.S.Service.InternshipOfferService - Attempting to retrieve all InternshipOffers
2025-07-13 10:40:05 INFO  c.N.S.Service.InternshipOfferService - Attempting to find InternshipOffer with ID: 1
2025-07-13 10:40:21 INFO  c.N.S.Service.InternshipOfferService - Attempting to retrieve all InternshipOffers
2025-07-13 10:40:27 INFO  c.N.S.Service.InternshipOfferService - Attempting to find InternshipOffer with ID: 9
2025-07-13 10:43:09 INFO  c.N.S.Service.InternshipOfferService - Attempting to find InternshipOffer with ID: 9
2025-07-13 10:43:29 INFO  c.N.S.Service.InternshipOfferService - Attempting to find InternshipOffer with ID: 9
2025-07-13 10:43:33 INFO  c.N.S.Service.InternshipOfferService - Attempting to find InternshipOffer with ID: 9
2025-07-13 10:43:57 INFO  c.N.S.Service.InternshipOfferService - Attempting to find InternshipOffer with ID: 9
2025-07-13 10:44:40 INFO  c.N.S.Service.InternshipOfferService - Attempting to find InternshipOffer with ID: 9
2025-07-13 10:53:02 INFO  c.N.S.Service.InternshipOfferService - Attempting to find InternshipOffer with ID: 9
2025-07-13 10:56:19 INFO  c.N.S.Service.InternshipOfferService - Attempting to find InternshipOffer with ID: 9
2025-07-13 10:56:39 INFO  c.N.S.Service.InternshipOfferService - Attempting to retrieve all InternshipOffers
2025-07-13 10:56:41 INFO  c.N.S.Service.InternshipOfferService - Attempting to find InternshipOffer with ID: 41
2025-07-13 11:02:39 INFO  c.N.S.Service.InternshipOfferService - Attempting to find InternshipOffer with ID: 41
2025-07-13 11:04:54 INFO  c.N.S.Service.InternshipOfferService - Attempting to retrieve all InternshipOffers
2025-07-13 11:05:06 INFO  c.N.S.Service.InternshipOfferService - Attempting to find InternshipOffer with ID: 41
2025-07-13 11:09:41 INFO  c.N.S.Service.InternshipOfferService - DocumentService initialized with upload directory: null
2025-07-13 11:09:48 INFO  c.N.S.Service.InternshipOfferService - DocumentService initialized with upload directory: null
2025-07-13 11:10:02 INFO  c.N.S.Service.InternshipOfferService - DocumentService initialized with upload directory: null
2025-07-13 11:10:05 INFO  c.N.S.Service.InternshipOfferService - DocumentService initialized with upload directory: null
2025-07-13 11:10:09 INFO  c.N.S.Service.InternshipOfferService - DocumentService initialized with upload directory: null
2025-07-13 11:15:55 INFO  c.N.S.Service.InternshipOfferService - Attempting to find InternshipOffer with ID: 41
2025-07-13 11:17:45 INFO  c.N.S.Service.InternshipOfferService - Attempting to find InternshipOffer with ID: 41
2025-07-13 11:19:05 INFO  c.N.S.Service.InternshipOfferService - Attempting to find InternshipOffer with ID: 41
2025-07-13 11:21:14 INFO  c.N.S.Service.InternshipOfferService - Attempting to find InternshipOffer with ID: 41
2025-07-13 11:24:31 INFO  c.N.S.Service.InternshipOfferService - Attempting to find InternshipOffer with ID: 41
2025-07-13 11:26:22 INFO  c.N.S.Service.InternshipOfferService - Attempting to find InternshipOffer with ID: 41
2025-07-13 11:26:25 INFO  c.N.S.Service.InternshipOfferService - Attempting to find InternshipOffer with ID: 41
2025-07-13 11:27:16 INFO  c.N.S.Service.InternshipOfferService - Attempting to find InternshipOffer with ID: 41
2025-07-13 11:40:03 INFO  c.N.S.Service.InternshipOfferService - Attempting to find InternshipOffer with ID: 41
2025-07-13 11:41:45 INFO  c.N.S.Service.InternshipOfferService - Attempting to find InternshipOffer with ID: 41
2025-07-13 11:43:16 INFO  c.N.S.Service.InternshipOfferService - Attempting to find InternshipOffer with ID: 41
2025-07-13 11:47:58 INFO  c.N.S.Service.InternshipOfferService - DocumentService initialized with upload directory: null
<<<<<<< HEAD
<<<<<<< HEAD
>>>>>>> origin/BFuruya
2025-07-13 14:46:41 INFO  c.N.S.Service.InternshipOfferService - DocumentService initialized with upload directory: null
2025-07-13 14:49:43 INFO  c.N.S.Service.InternshipOfferService - Saving document for candidate: brn106@gmail.com
2025-07-13 18:11:09 INFO  c.N.S.Service.InternshipOfferService - Attempting to find InternshipOffers for Company ID: 43
2025-07-13 18:11:31 INFO  c.N.S.Service.InternshipOfferService - Attempting to find InternshipOffers for Company ID: 43
2025-07-13 18:11:34 INFO  c.N.S.Service.InternshipOfferService - Attempting to find InternshipOffers for Company ID: 43
2025-07-13 18:11:44 INFO  c.N.S.Service.InternshipOfferService - Attempting to find InternshipOffers for Company ID: 43
2025-07-13 18:12:36 INFO  c.N.S.Service.InternshipOfferService - Attempting to find InternshipOffers for Company ID: 43
2025-07-14 08:21:36 INFO  c.N.S.Service.InternshipOfferService - DocumentService initialized with upload directory: null
2025-07-14 08:21:44 INFO  c.N.S.Service.InternshipOfferService - DocumentService initialized with upload directory: null
=======
>>>>>>> origin/main
>>>>>>> main
=======
2025-07-13 14:58:34 INFO  c.N.S.Service.InternshipOfferService - DocumentService initialized with upload directory: null
2025-07-13 15:04:43 INFO  c.N.S.Service.InternshipOfferService - DocumentService initialized with upload directory: null
2025-07-13 17:06:08 INFO  c.N.S.Service.InternshipOfferService - Attempting to find InternshipOffer with ID: 4
2025-07-13 17:06:21 INFO  c.N.S.Service.InternshipOfferService - Attempting to find InternshipOffer with ID: 9
2025-07-13 17:08:24 INFO  c.N.S.Service.InternshipOfferService - Attempting to retrieve all InternshipOffers
2025-07-13 17:08:29 INFO  c.N.S.Service.InternshipOfferService - Attempting to find InternshipOffer with ID: 9
2025-07-13 17:10:38 INFO  c.N.S.Service.InternshipOfferService - Attempting to retrieve all InternshipOffers
2025-07-13 17:10:40 INFO  c.N.S.Service.InternshipOfferService - Attempting to find InternshipOffer with ID: 9
2025-07-13 17:11:20 INFO  c.N.S.Service.InternshipOfferService - Attempting to retrieve all InternshipOffers
2025-07-13 17:11:22 INFO  c.N.S.Service.InternshipOfferService - Attempting to find InternshipOffer with ID: 41
2025-07-13 17:17:38 INFO  c.N.S.Service.InternshipOfferService - Attempting to find InternshipOffer with ID: 41
2025-07-13 17:25:22 INFO  c.N.S.Service.InternshipOfferService - Attempting to find InternshipOffer with ID: 41
2025-07-13 17:27:02 INFO  c.N.S.Service.InternshipOfferService - Attempting to find InternshipOffer with ID: 41
2025-07-13 17:48:00 INFO  c.N.S.Service.InternshipOfferService - Attempting to find InternshipOffer with ID: 41
2025-07-13 17:48:27 INFO  c.N.S.Service.InternshipOfferService - Attempting to find InternshipOffer with ID: 41
2025-07-13 17:50:43 INFO  c.N.S.Service.InternshipOfferService - Attempting to retrieve all InternshipOffers
2025-07-13 17:50:46 INFO  c.N.S.Service.InternshipOfferService - Attempting to find InternshipOffer with ID: 9
2025-07-13 17:50:56 INFO  c.N.S.Service.InternshipOfferService - Attempting to retrieve all InternshipOffers
2025-07-13 18:33:12 INFO  c.N.S.Service.InternshipOfferService - Attempting to retrieve all InternshipOffers
2025-07-13 18:33:16 INFO  c.N.S.Service.InternshipOfferService - Attempting to find InternshipOffer with ID: 9
2025-07-13 18:38:40 INFO  c.N.S.Service.InternshipOfferService - Attempting to find InternshipOffer with ID: 9
2025-07-13 18:42:13 INFO  c.N.S.Service.InternshipOfferService - Attempting to find InternshipOffer with ID: 9
2025-07-13 18:42:38 INFO  c.N.S.Service.InternshipOfferService - Attempting to find InternshipOffer with ID: 9
2025-07-13 18:43:20 INFO  c.N.S.Service.InternshipOfferService - Attempting to find InternshipOffer with ID: 9
2025-07-13 18:45:02 INFO  c.N.S.Service.InternshipOfferService - Attempting to find InternshipOffer with ID: 9
2025-07-13 18:45:49 INFO  c.N.S.Service.InternshipOfferService - Attempting to find InternshipOffer with ID: 9
2025-07-13 18:46:44 INFO  c.N.S.Service.InternshipOfferService - Attempting to find InternshipOffer with ID: 9
2025-07-13 18:47:23 INFO  c.N.S.Service.InternshipOfferService - Attempting to find InternshipOffer with ID: 9
2025-07-13 18:47:32 INFO  c.N.S.Service.InternshipOfferService - Attempting to find InternshipOffer with ID: 9
2025-07-13 18:47:43 INFO  c.N.S.Service.InternshipOfferService - Attempting to find InternshipOffer with ID: 9
2025-07-13 18:47:51 INFO  c.N.S.Service.InternshipOfferService - Attempting to find InternshipOffer with ID: 9
2025-07-13 18:48:14 INFO  c.N.S.Service.InternshipOfferService - Attempting to find InternshipOffer with ID: 9
2025-07-13 18:50:23 INFO  c.N.S.Service.InternshipOfferService - Attempting to find InternshipOffer with ID: 9
2025-07-13 18:50:36 INFO  c.N.S.Service.InternshipOfferService - Attempting to find InternshipOffer with ID: 9
2025-07-13 18:51:16 INFO  c.N.S.Service.InternshipOfferService - Attempting to find InternshipOffer with ID: 9
2025-07-13 18:53:39 INFO  c.N.S.Service.InternshipOfferService - Attempting to find InternshipOffer with ID: 9
2025-07-13 19:01:24 INFO  c.N.S.Service.InternshipOfferService - Attempting to find InternshipOffer with ID: 9
2025-07-13 19:04:23 INFO  c.N.S.Service.InternshipOfferService - Attempting to find InternshipOffer with ID: 9
2025-07-13 19:05:40 INFO  c.N.S.Service.InternshipOfferService - Attempting to find InternshipOffer with ID: 9
2025-07-13 19:05:50 INFO  c.N.S.Service.InternshipOfferService - Attempting to find InternshipOffer with ID: 9
2025-07-13 19:21:57 INFO  c.N.S.Service.InternshipOfferService - Saving document for candidate: test@test.com
2025-07-13 19:22:28 INFO  c.N.S.Service.InternshipOfferService - Attempting to retrieve all InternshipOffers
2025-07-13 19:22:30 INFO  c.N.S.Service.InternshipOfferService - Attempting to find InternshipOffer with ID: 9
2025-07-13 19:32:49 INFO  c.N.S.Service.InternshipOfferService - Attempting to find InternshipOffer with ID: 9
2025-07-13 19:33:14 INFO  c.N.S.Service.InternshipOfferService - Attempting to find InternshipOffer with ID: 9
2025-07-13 19:37:01 INFO  c.N.S.Service.InternshipOfferService - Attempting to find InternshipOffer with ID: 9
2025-07-13 19:37:08 INFO  c.N.S.Service.InternshipOfferService - Attempting to find InternshipOffer with ID: 9
2025-07-13 19:39:25 INFO  c.N.S.Service.InternshipOfferService - Attempting to find InternshipOffer with ID: 9
2025-07-13 19:39:41 INFO  c.N.S.Service.InternshipOfferService - Attempting to find InternshipOffer with ID: 9
2025-07-13 19:39:46 INFO  c.N.S.Service.InternshipOfferService - Attempting to find InternshipOffer with ID: 9
2025-07-13 19:58:48 INFO  c.N.S.Service.InternshipOfferService - DocumentService initialized with upload directory: null
2025-07-13 19:58:55 INFO  c.N.S.Service.InternshipOfferService - DocumentService initialized with upload directory: null
2025-07-13 19:59:01 INFO  c.N.S.Service.InternshipOfferService - DocumentService initialized with upload directory: null
2025-07-13 19:59:23 INFO  c.N.S.Service.InternshipOfferService - DocumentService initialized with upload directory: null
2025-07-13 19:59:27 INFO  c.N.S.Service.InternshipOfferService - DocumentService initialized with upload directory: null
2025-07-13 20:00:39 INFO  c.N.S.Service.InternshipOfferService - DocumentService initialized with upload directory: null
2025-07-13 20:00:46 INFO  c.N.S.Service.InternshipOfferService - DocumentService initialized with upload directory: null
2025-07-13 20:01:57 INFO  c.N.S.Service.InternshipOfferService - DocumentService initialized with upload directory: null
2025-07-13 20:23:18 INFO  c.N.S.Service.InternshipOfferService - DocumentService initialized with upload directory: null
2025-07-13 20:37:10 INFO  c.N.S.Service.InternshipOfferService - DocumentService initialized with upload directory: null
2025-07-13 20:37:14 INFO  c.N.S.Service.InternshipOfferService - DocumentService initialized with upload directory: null
2025-07-13 20:47:47 INFO  c.N.S.Service.InternshipOfferService - DocumentService initialized with upload directory: null
2025-07-13 20:47:50 INFO  c.N.S.Service.InternshipOfferService - DocumentService initialized with upload directory: null
2025-07-13 20:47:55 INFO  c.N.S.Service.InternshipOfferService - DocumentService initialized with upload directory: null
2025-07-13 20:48:02 INFO  c.N.S.Service.InternshipOfferService - DocumentService initialized with upload directory: null
2025-07-13 20:48:07 INFO  c.N.S.Service.InternshipOfferService - DocumentService initialized with upload directory: null
2025-07-13 20:48:11 INFO  c.N.S.Service.InternshipOfferService - DocumentService initialized with upload directory: null
2025-07-13 20:55:06 INFO  c.N.S.Service.InternshipOfferService - Saving document for candidate: ronald_costa96@hotmail.com
2025-07-13 20:55:19 INFO  c.N.S.Service.InternshipOfferService - Attempting to retrieve all InternshipOffers
2025-07-13 20:55:20 INFO  c.N.S.Service.InternshipOfferService - Attempting to find InternshipOffer with ID: 9
2025-07-13 20:56:37 INFO  c.N.S.Service.InternshipOfferService - Attempting to find InternshipOffer with ID: 9
2025-07-13 20:56:50 INFO  c.N.S.Service.InternshipOfferService - Attempting to retrieve all InternshipOffers
2025-07-13 20:56:52 INFO  c.N.S.Service.InternshipOfferService - Attempting to find InternshipOffer with ID: 9
2025-07-13 21:15:02 INFO  c.N.S.Service.InternshipOfferService - Attempting to find InternshipOffer with ID: 9
2025-07-13 21:33:28 INFO  c.N.S.Service.InternshipOfferService - Attempting to find InternshipOffer with ID: 9
2025-07-13 21:43:18 INFO  c.N.S.Service.InternshipOfferService - Attempting to find InternshipOffer with ID: 9
2025-07-13 21:43:32 INFO  c.N.S.Service.InternshipOfferService - Attempting to find InternshipOffer with ID: 9
2025-07-13 21:46:31 INFO  c.N.S.Service.InternshipOfferService - Attempting to find InternshipOffer with ID: 9
2025-07-13 21:46:47 INFO  c.N.S.Service.InternshipOfferService - Attempting to find InternshipOffer with ID: 9
2025-07-13 21:47:48 INFO  c.N.S.Service.InternshipOfferService - Attempting to find InternshipOffer with ID: 9
2025-07-13 21:48:11 INFO  c.N.S.Service.InternshipOfferService - Attempting to find InternshipOffer with ID: 9
2025-07-13 21:48:33 INFO  c.N.S.Service.InternshipOfferService - Attempting to find InternshipOffer with ID: 9
2025-07-13 21:48:53 INFO  c.N.S.Service.InternshipOfferService - Attempting to find InternshipOffer with ID: 9
2025-07-13 21:50:19 INFO  c.N.S.Service.InternshipOfferService - Attempting to find InternshipOffer with ID: 9
2025-07-13 21:50:33 INFO  c.N.S.Service.InternshipOfferService - Attempting to find InternshipOffer with ID: 9
2025-07-13 21:50:41 INFO  c.N.S.Service.InternshipOfferService - Attempting to find InternshipOffer with ID: 9
2025-07-13 21:50:47 INFO  c.N.S.Service.InternshipOfferService - Attempting to find InternshipOffer with ID: 9
2025-07-13 21:50:59 INFO  c.N.S.Service.InternshipOfferService - Attempting to find InternshipOffer with ID: 9
2025-07-13 21:51:04 INFO  c.N.S.Service.InternshipOfferService - Attempting to find InternshipOffer with ID: 9
2025-07-13 21:51:10 INFO  c.N.S.Service.InternshipOfferService - Attempting to find InternshipOffer with ID: 9
2025-07-13 21:51:53 INFO  c.N.S.Service.InternshipOfferService - Attempting to find InternshipOffer with ID: 9
2025-07-13 21:52:13 INFO  c.N.S.Service.InternshipOfferService - Attempting to find InternshipOffer with ID: 9
2025-07-13 21:52:24 INFO  c.N.S.Service.InternshipOfferService - Attempting to find InternshipOffer with ID: 9
2025-07-13 21:52:45 INFO  c.N.S.Service.InternshipOfferService - Attempting to find InternshipOffer with ID: 9
2025-07-13 22:08:41 INFO  c.N.S.Service.InternshipOfferService - Attempting to retrieve all InternshipOffers
2025-07-13 22:08:44 INFO  c.N.S.Service.InternshipOfferService - Attempting to find InternshipOffer with ID: 9
2025-07-13 22:17:51 INFO  c.N.S.Service.InternshipOfferService - Attempting to find InternshipOffer with ID: 9
2025-07-13 22:18:10 INFO  c.N.S.Service.InternshipOfferService - Attempting to find InternshipOffer with ID: 9
2025-07-13 22:20:17 INFO  c.N.S.Service.InternshipOfferService - DocumentService initialized with upload directory: null
2025-07-13 22:20:20 INFO  c.N.S.Service.InternshipOfferService - DocumentService initialized with upload directory: null
2025-07-13 22:22:30 INFO  c.N.S.Service.InternshipOfferService - DocumentService initialized with upload directory: null
2025-07-13 22:22:45 INFO  c.N.S.Service.InternshipOfferService - DocumentService initialized with upload directory: null
2025-07-13 22:23:59 INFO  c.N.S.Service.InternshipOfferService - Attempting to find InternshipOffer with ID: 9
2025-07-13 22:24:11 INFO  c.N.S.Service.InternshipOfferService - Attempting to find InternshipOffer with ID: 9
2025-07-13 22:24:23 INFO  c.N.S.Service.InternshipOfferService - Attempting to find InternshipOffer with ID: 9
2025-07-13 22:24:47 INFO  c.N.S.Service.InternshipOfferService - Attempting to retrieve all InternshipOffers
2025-07-13 22:24:50 INFO  c.N.S.Service.InternshipOfferService - Attempting to find InternshipOffer with ID: 9
2025-07-13 22:29:02 INFO  c.N.S.Service.InternshipOfferService - DocumentService initialized with upload directory: null
2025-07-13 22:29:16 INFO  c.N.S.Service.InternshipOfferService - DocumentService initialized with upload directory: null
2025-07-13 22:29:19 INFO  c.N.S.Service.InternshipOfferService - DocumentService initialized with upload directory: null
2025-07-13 22:29:27 INFO  c.N.S.Service.InternshipOfferService - DocumentService initialized with upload directory: null
2025-07-13 22:30:13 INFO  c.N.S.Service.InternshipOfferService - DocumentService initialized with upload directory: null
2025-07-13 22:30:43 INFO  c.N.S.Service.InternshipOfferService - DocumentService initialized with upload directory: null
2025-07-13 22:31:01 INFO  c.N.S.Service.InternshipOfferService - DocumentService initialized with upload directory: null
2025-07-13 22:31:35 INFO  c.N.S.Service.InternshipOfferService - DocumentService initialized with upload directory: null
2025-07-13 22:36:11 INFO  c.N.S.Service.InternshipOfferService - DocumentService initialized with upload directory: null
2025-07-13 22:36:16 INFO  c.N.S.Service.InternshipOfferService - DocumentService initialized with upload directory: null
2025-07-13 22:37:52 INFO  c.N.S.Service.InternshipOfferService - DocumentService initialized with upload directory: null
2025-07-13 22:38:39 INFO  c.N.S.Service.InternshipOfferService - DocumentService initialized with upload directory: null
2025-07-13 22:38:44 INFO  c.N.S.Service.InternshipOfferService - DocumentService initialized with upload directory: null
2025-07-13 22:58:35 INFO  c.N.S.Service.InternshipOfferService - DocumentService initialized with upload directory: null
2025-07-13 22:58:41 INFO  c.N.S.Service.InternshipOfferService - DocumentService initialized with upload directory: null
2025-07-13 22:58:53 INFO  c.N.S.Service.InternshipOfferService - DocumentService initialized with upload directory: null
2025-07-13 22:58:58 INFO  c.N.S.Service.InternshipOfferService - DocumentService initialized with upload directory: null
2025-07-13 23:00:54 INFO  c.N.S.Service.InternshipOfferService - Attempting to find InternshipOffer with ID: 9
2025-07-13 23:01:17 INFO  c.N.S.Service.InternshipOfferService - Attempting to retrieve all InternshipOffers
2025-07-13 23:01:19 INFO  c.N.S.Service.InternshipOfferService - Attempting to find InternshipOffer with ID: 9
2025-07-14 08:26:17 INFO  c.N.S.Service.InternshipOfferService - DocumentService initialized with upload directory: null
<<<<<<< HEAD
2025-07-14 12:47:58 INFO  c.N.S.Service.InternshipOfferService - DocumentService initialized with upload directory: null
2025-07-14 12:48:49 INFO  c.N.S.Service.InternshipOfferService - DocumentService initialized with upload directory: null
2025-07-14 12:48:54 INFO  c.N.S.Service.InternshipOfferService - DocumentService initialized with upload directory: null
2025-07-14 12:49:02 INFO  c.N.S.Service.InternshipOfferService - DocumentService initialized with upload directory: null
2025-07-14 12:49:40 INFO  c.N.S.Service.InternshipOfferService - Attempting to find InternshipOffers for Company ID: 6
2025-07-14 12:49:42 INFO  c.N.S.Service.InternshipOfferService - Attempting to find InternshipOffer with ID: 42
2025-07-14 12:49:44 INFO  c.N.S.Service.InternshipOfferService - Attempting to find InternshipOffers for Company ID: 6
2025-07-15 08:00:58 INFO  c.N.S.Service.InternshipOfferService - Attempting to find InternshipOffers for Company ID: 6
2025-07-15 09:07:50 INFO  c.N.S.Service.InternshipOfferService - DocumentService initialized with upload directory: null
2025-07-15 09:21:53 INFO  c.N.S.Service.InternshipOfferService - Attempting to find InternshipOffer with ID: 9
2025-07-15 09:24:10 INFO  c.N.S.Service.InternshipOfferService - Attempting to find InternshipOffer with ID: 9
2025-07-15 09:31:13 INFO  c.N.S.Service.InternshipOfferService - Attempting to find InternshipOffer with ID: 9
2025-07-15 09:31:56 INFO  c.N.S.Service.InternshipOfferService - Attempting to retrieve all InternshipOffers
2025-07-15 09:35:16 INFO  c.N.S.Service.InternshipOfferService - Attempting to find InternshipOffer with ID: 9
2025-07-15 09:42:41 INFO  c.N.S.Service.InternshipOfferService - DocumentService initialized with upload directory: null
2025-07-15 09:42:47 INFO  c.N.S.Service.InternshipOfferService - DocumentService initialized with upload directory: null
2025-07-15 09:44:44 INFO  c.N.S.Service.InternshipOfferService - DocumentService initialized with upload directory: null
2025-07-15 09:45:00 INFO  c.N.S.Service.InternshipOfferService - DocumentService initialized with upload directory: null
2025-07-15 09:45:06 INFO  c.N.S.Service.InternshipOfferService - DocumentService initialized with upload directory: null
2025-07-15 09:45:23 INFO  c.N.S.Service.InternshipOfferService - DocumentService initialized with upload directory: null
2025-07-15 09:45:34 INFO  c.N.S.Service.InternshipOfferService - DocumentService initialized with upload directory: null
2025-07-15 09:45:49 INFO  c.N.S.Service.InternshipOfferService - DocumentService initialized with upload directory: null
2025-07-15 09:46:33 INFO  c.N.S.Service.InternshipOfferService - DocumentService initialized with upload directory: null
2025-07-15 09:53:24 INFO  c.N.S.Service.InternshipOfferService - DocumentService initialized with upload directory: null
2025-07-15 09:53:29 INFO  c.N.S.Service.InternshipOfferService - DocumentService initialized with upload directory: null
2025-07-15 09:53:34 INFO  c.N.S.Service.InternshipOfferService - DocumentService initialized with upload directory: null
2025-07-15 09:54:11 INFO  c.N.S.Service.InternshipOfferService - DocumentService initialized with upload directory: null
2025-07-15 09:54:37 INFO  c.N.S.Service.InternshipOfferService - DocumentService initialized with upload directory: null
2025-07-15 09:54:46 INFO  c.N.S.Service.InternshipOfferService - DocumentService initialized with upload directory: null
2025-07-15 09:54:49 INFO  c.N.S.Service.InternshipOfferService - DocumentService initialized with upload directory: null
2025-07-15 09:55:02 INFO  c.N.S.Service.InternshipOfferService - DocumentService initialized with upload directory: null
2025-07-15 09:55:36 INFO  c.N.S.Service.InternshipOfferService - DocumentService initialized with upload directory: null
2025-07-15 09:55:41 INFO  c.N.S.Service.InternshipOfferService - DocumentService initialized with upload directory: null
2025-07-15 09:55:45 INFO  c.N.S.Service.InternshipOfferService - DocumentService initialized with upload directory: null
2025-07-15 09:56:19 INFO  c.N.S.Service.InternshipOfferService - DocumentService initialized with upload directory: null
2025-07-15 09:56:45 INFO  c.N.S.Service.InternshipOfferService - DocumentService initialized with upload directory: null
2025-07-15 09:56:51 INFO  c.N.S.Service.InternshipOfferService - DocumentService initialized with upload directory: null
2025-07-15 09:56:59 INFO  c.N.S.Service.InternshipOfferService - DocumentService initialized with upload directory: null
2025-07-15 09:57:02 INFO  c.N.S.Service.InternshipOfferService - DocumentService initialized with upload directory: null
2025-07-15 09:57:26 INFO  c.N.S.Service.InternshipOfferService - DocumentService initialized with upload directory: null
2025-07-15 09:59:37 INFO  c.N.S.Service.InternshipOfferService - Attempting to retrieve all InternshipOffers
2025-07-15 09:59:39 INFO  c.N.S.Service.InternshipOfferService - Attempting to find InternshipOffer with ID: 9
2025-07-15 10:05:57 INFO  c.N.S.Service.InternshipOfferService - DocumentService initialized with upload directory: null
2025-07-15 10:06:23 INFO  c.N.S.Service.InternshipOfferService - DocumentService initialized with upload directory: null
2025-07-15 10:06:37 INFO  c.N.S.Service.InternshipOfferService - DocumentService initialized with upload directory: null
2025-07-15 10:06:51 INFO  c.N.S.Service.InternshipOfferService - DocumentService initialized with upload directory: null
2025-07-15 10:06:57 INFO  c.N.S.Service.InternshipOfferService - DocumentService initialized with upload directory: null
2025-07-15 10:07:16 INFO  c.N.S.Service.InternshipOfferService - DocumentService initialized with upload directory: null
2025-07-15 10:07:31 INFO  c.N.S.Service.InternshipOfferService - DocumentService initialized with upload directory: null
2025-07-15 10:07:36 INFO  c.N.S.Service.InternshipOfferService - DocumentService initialized with upload directory: null
2025-07-15 10:13:10 INFO  c.N.S.Service.InternshipOfferService - DocumentService initialized with upload directory: null
2025-07-15 10:13:34 INFO  c.N.S.Service.InternshipOfferService - DocumentService initialized with upload directory: null
2025-07-15 11:08:56 INFO  c.N.S.Service.InternshipOfferService - Attempting to find InternshipOffer with ID: 9
2025-07-15 11:11:55 INFO  c.N.S.Service.InternshipOfferService - DocumentService initialized with upload directory: null
2025-07-15 11:27:42 INFO  c.N.S.Service.InternshipOfferService - Attempting to find InternshipOffer with ID: 9
2025-07-15 11:28:42 INFO  c.N.S.Service.InternshipOfferService - Attempting to retrieve all InternshipOffers
2025-07-15 11:29:46 INFO  c.N.S.Service.InternshipOfferService - Attempting to retrieve all InternshipOffers
2025-07-15 11:30:08 INFO  c.N.S.Service.InternshipOfferService - Attempting to find InternshipOffers for Company ID: 6
2025-07-15 11:30:13 INFO  c.N.S.Service.InternshipOfferService - Attempting to find InternshipOffer with ID: 42
2025-07-15 11:30:25 INFO  c.N.S.Service.InternshipOfferService - Attempting to find InternshipOffers for Company ID: 6
2025-07-15 11:30:27 INFO  c.N.S.Service.InternshipOfferService - Attempting to find InternshipOffer with ID: 45
2025-07-15 11:30:28 INFO  c.N.S.Service.InternshipOfferService - Attempting to find InternshipOffers for Company ID: 6
2025-07-15 11:30:34 INFO  c.N.S.Service.InternshipOfferService - Attempting to find InternshipOffer with ID: 42
2025-07-15 11:31:21 INFO  c.N.S.Service.InternshipOfferService - Attempting to find InternshipOffer with ID: 42
2025-07-15 11:31:23 INFO  c.N.S.Service.InternshipOfferService - Attempting to find InternshipOffer with ID: 42
=======
<<<<<<< HEAD
>>>>>>> origin/BFuruya
=======
>>>>>>> origin/main
>>>>>>> main
2025-07-14 09:18:49 INFO  c.N.S.Service.InternshipOfferService - DocumentService initialized with upload directory: null
2025-07-14 10:04:57 INFO  c.N.S.Service.InternshipOfferService - DocumentService initialized with upload directory: null
2025-07-14 10:21:07 INFO  c.N.S.Service.InternshipOfferService - DocumentService initialized with upload directory: null
2025-07-14 11:29:51 INFO  c.N.S.Service.InternshipOfferService - DocumentService initialized with upload directory: null
2025-07-14 11:34:50 INFO  c.N.S.Service.InternshipOfferService - DocumentService initialized with upload directory: null
2025-07-14 11:35:02 INFO  c.N.S.Service.InternshipOfferService - DocumentService initialized with upload directory: null
2025-07-14 11:35:09 INFO  c.N.S.Service.InternshipOfferService - DocumentService initialized with upload directory: null
2025-07-14 11:35:43 INFO  c.N.S.Service.InternshipOfferService - DocumentService initialized with upload directory: null
2025-07-14 11:36:00 INFO  c.N.S.Service.InternshipOfferService - DocumentService initialized with upload directory: null
2025-07-14 11:36:34 INFO  c.N.S.Service.InternshipOfferService - DocumentService initialized with upload directory: null
2025-07-14 11:36:48 INFO  c.N.S.Service.InternshipOfferService - DocumentService initialized with upload directory: null
2025-07-14 11:36:57 INFO  c.N.S.Service.InternshipOfferService - DocumentService initialized with upload directory: null
2025-07-14 11:37:22 INFO  c.N.S.Service.InternshipOfferService - DocumentService initialized with upload directory: null
2025-07-14 11:37:26 INFO  c.N.S.Service.InternshipOfferService - DocumentService initialized with upload directory: null
2025-07-14 11:37:38 INFO  c.N.S.Service.InternshipOfferService - DocumentService initialized with upload directory: null
2025-07-14 11:37:56 INFO  c.N.S.Service.InternshipOfferService - DocumentService initialized with upload directory: null
2025-07-14 11:38:11 INFO  c.N.S.Service.InternshipOfferService - DocumentService initialized with upload directory: null
2025-07-14 11:39:11 INFO  c.N.S.Service.InternshipOfferService - DocumentService initialized with upload directory: null
2025-07-14 11:39:41 INFO  c.N.S.Service.InternshipOfferService - DocumentService initialized with upload directory: null
2025-07-14 11:39:50 INFO  c.N.S.Service.InternshipOfferService - DocumentService initialized with upload directory: null
2025-07-14 11:39:55 INFO  c.N.S.Service.InternshipOfferService - DocumentService initialized with upload directory: null
2025-07-14 11:40:53 INFO  c.N.S.Service.InternshipOfferService - DocumentService initialized with upload directory: null
2025-07-14 11:41:53 INFO  c.N.S.Service.InternshipOfferService - DocumentService initialized with upload directory: null
2025-07-14 21:38:07 INFO  c.N.S.Service.InternshipOfferService - DocumentService initialized with upload directory: null
2025-07-14 22:56:41 INFO  c.N.S.Service.InternshipOfferService - Saving document for candidate: brn108@gmail.com
2025-07-14 23:12:19 INFO  c.N.S.Service.InternshipOfferService - DocumentService initialized with upload directory: null
2025-07-14 23:12:28 INFO  c.N.S.Service.InternshipOfferService - DocumentService initialized with upload directory: null
2025-07-14 23:14:00 INFO  c.N.S.Service.InternshipOfferService - DocumentService initialized with upload directory: null
2025-07-14 23:14:13 INFO  c.N.S.Service.InternshipOfferService - DocumentService initialized with upload directory: null
2025-07-14 23:14:22 INFO  c.N.S.Service.InternshipOfferService - DocumentService initialized with upload directory: null
2025-07-14 23:14:35 INFO  c.N.S.Service.InternshipOfferService - DocumentService initialized with upload directory: null
2025-07-14 23:35:36 INFO  c.N.S.Service.InternshipOfferService - DocumentService initialized with upload directory: null
2025-07-14 23:36:15 INFO  c.N.S.Service.InternshipOfferService - DocumentService initialized with upload directory: null
2025-07-14 23:36:17 INFO  c.N.S.Service.InternshipOfferService - DocumentService initialized with upload directory: null
2025-07-14 23:36:46 INFO  c.N.S.Service.InternshipOfferService - DocumentService initialized with upload directory: null
2025-07-14 23:36:49 INFO  c.N.S.Service.InternshipOfferService - DocumentService initialized with upload directory: null
2025-07-14 23:37:36 INFO  c.N.S.Service.InternshipOfferService - DocumentService initialized with upload directory: null
2025-07-14 23:37:38 INFO  c.N.S.Service.InternshipOfferService - DocumentService initialized with upload directory: null
2025-07-14 23:37:43 INFO  c.N.S.Service.InternshipOfferService - DocumentService initialized with upload directory: null
2025-07-14 23:48:09 INFO  c.N.S.Service.InternshipOfferService - DocumentService initialized with upload directory: null
2025-07-15 00:12:19 INFO  c.N.S.Service.InternshipOfferService - Saving document for candidate: brn109@gmail.com
2025-07-15 00:13:04 INFO  c.N.S.Service.InternshipOfferService - Saving document for candidate: brn110@gmail.com
2025-07-15 09:07:54 INFO  c.N.S.Service.InternshipOfferService - DocumentService initialized with upload directory: null
2025-07-15 09:31:11 INFO  c.N.S.Service.InternshipOfferService - DocumentService initialized with upload directory: null
2025-07-15 09:31:17 INFO  c.N.S.Service.InternshipOfferService - DocumentService initialized with upload directory: null
2025-07-15 09:31:20 INFO  c.N.S.Service.InternshipOfferService - DocumentService initialized with upload directory: null
2025-07-15 09:31:33 INFO  c.N.S.Service.InternshipOfferService - DocumentService initialized with upload directory: null
2025-07-15 09:31:36 INFO  c.N.S.Service.InternshipOfferService - DocumentService initialized with upload directory: null
2025-07-15 09:32:14 INFO  c.N.S.Service.InternshipOfferService - DocumentService initialized with upload directory: null
2025-07-15 09:32:17 INFO  c.N.S.Service.InternshipOfferService - DocumentService initialized with upload directory: null
2025-07-15 09:32:27 INFO  c.N.S.Service.InternshipOfferService - DocumentService initialized with upload directory: null
2025-07-15 09:32:32 INFO  c.N.S.Service.InternshipOfferService - DocumentService initialized with upload directory: null
2025-07-15 09:34:31 INFO  c.N.S.Service.InternshipOfferService - DocumentService initialized with upload directory: null
2025-07-15 09:35:39 INFO  c.N.S.Service.InternshipOfferService - DocumentService initialized with upload directory: null
2025-07-15 09:35:52 INFO  c.N.S.Service.InternshipOfferService - DocumentService initialized with upload directory: null
2025-07-15 09:36:14 INFO  c.N.S.Service.InternshipOfferService - DocumentService initialized with upload directory: null
2025-07-15 09:36:29 INFO  c.N.S.Service.InternshipOfferService - DocumentService initialized with upload directory: null
2025-07-15 09:36:36 INFO  c.N.S.Service.InternshipOfferService - DocumentService initialized with upload directory: null
2025-07-15 09:36:56 INFO  c.N.S.Service.InternshipOfferService - DocumentService initialized with upload directory: null
2025-07-15 09:37:09 INFO  c.N.S.Service.InternshipOfferService - DocumentService initialized with upload directory: null
2025-07-15 09:37:20 INFO  c.N.S.Service.InternshipOfferService - DocumentService initialized with upload directory: null
2025-07-15 09:37:37 INFO  c.N.S.Service.InternshipOfferService - DocumentService initialized with upload directory: null
2025-07-15 09:37:43 INFO  c.N.S.Service.InternshipOfferService - DocumentService initialized with upload directory: null
2025-07-15 11:03:47 INFO  c.N.S.Service.InternshipOfferService - Saving document for candidate: brn122@gmail.com
2025-07-15 11:05:56 INFO  c.N.S.Service.InternshipOfferService - Saving document for candidate: brn132@gmail.com
2025-07-15 11:25:24 INFO  c.N.S.Service.InternshipOfferService - DocumentService initialized with upload directory: null
2025-07-15 11:31:55 INFO  c.N.S.Service.InternshipOfferService - Saving document for candidate: brn1223@gmail.com
2025-07-15 11:40:33 INFO  c.N.S.Service.InternshipOfferService - DocumentService initialized with upload directory: null
2025-07-15 11:40:48 INFO  c.N.S.Service.InternshipOfferService - DocumentService initialized with upload directory: null
2025-07-15 11:41:00 INFO  c.N.S.Service.InternshipOfferService - DocumentService initialized with upload directory: null
2025-07-15 11:41:36 INFO  c.N.S.Service.InternshipOfferService - DocumentService initialized with upload directory: null
2025-07-15 11:43:21 INFO  c.N.S.Service.InternshipOfferService - DocumentService initialized with upload directory: null
2025-07-15 11:43:42 INFO  c.N.S.Service.InternshipOfferService - DocumentService initialized with upload directory: null
2025-07-15 11:48:21 INFO  c.N.S.Service.InternshipOfferService - DocumentService initialized with upload directory: null
2025-07-15 11:48:53 INFO  c.N.S.Service.InternshipOfferService - DocumentService initialized with upload directory: null
2025-07-15 11:48:58 INFO  c.N.S.Service.InternshipOfferService - DocumentService initialized with upload directory: null
2025-07-15 11:49:32 INFO  c.N.S.Service.InternshipOfferService - DocumentService initialized with upload directory: null
2025-07-15 11:49:35 INFO  c.N.S.Service.InternshipOfferService - DocumentService initialized with upload directory: null
2025-07-15 11:51:04 INFO  c.N.S.Service.InternshipOfferService - DocumentService initialized with upload directory: null
2025-07-15 11:51:08 INFO  c.N.S.Service.InternshipOfferService - DocumentService initialized with upload directory: null
2025-07-15 11:51:27 INFO  c.N.S.Service.InternshipOfferService - Saving document for candidate: brn109@gmail.com
2025-07-15 11:55:57 INFO  c.N.S.Service.InternshipOfferService - Saving document for candidate: brn10@gmail.com
>>>>>>> BFuruya
2025-07-15 16:19:44 INFO  c.N.S.Service.InternshipOfferService - DocumentService initialized with upload directory: null
2025-07-15 16:21:25 INFO  c.N.S.Service.InternshipOfferService - Attempting to retrieve all InternshipOffers
2025-07-15 16:21:30 INFO  c.N.S.Service.InternshipOfferService - Attempting to find InternshipOffer with ID: 9
2025-07-15 16:22:08 INFO  c.N.S.Service.InternshipOfferService - Attempting to find InternshipOffers for Company ID: 6
2025-07-15 16:22:11 INFO  c.N.S.Service.InternshipOfferService - Attempting to find InternshipOffer with ID: 45
2025-07-15 16:22:13 INFO  c.N.S.Service.InternshipOfferService - Attempting to find InternshipOffers for Company ID: 6
2025-07-15 16:22:14 INFO  c.N.S.Service.InternshipOfferService - Attempting to find InternshipOffer with ID: 42
2025-07-15 16:22:16 INFO  c.N.S.Service.InternshipOfferService - Attempting to find InternshipOffers for Company ID: 6
2025-07-15 16:22:27 INFO  c.N.S.Service.InternshipOfferService - Attempting to find InternshipOffer with ID: 9
2025-07-15 16:25:02 INFO  c.N.S.Service.InternshipOfferService - Attempting to retrieve all InternshipOffers
2025-07-15 16:25:39 INFO  c.N.S.Service.InternshipOfferService - Attempting to find InternshipOffer with ID: 42
2025-07-15 16:25:51 INFO  c.N.S.Service.InternshipOfferService - Attempting to retrieve all InternshipOffers
2025-07-15 16:26:00 INFO  c.N.S.Service.InternshipOfferService - Attempting to find InternshipOffers for Company ID: 6
2025-07-15 16:26:01 INFO  c.N.S.Service.InternshipOfferService - Attempting to change status of InternshipOffer with ID: 42
2025-07-15 16:26:02 INFO  c.N.S.Service.InternshipOfferService - Attempting to change status of InternshipOffer with ID: 42
2025-07-15 16:26:04 INFO  c.N.S.Service.InternshipOfferService - Attempting to find InternshipOffer with ID: 42
2025-07-16 07:55:45 INFO  c.N.S.Service.InternshipOfferService - DocumentService initialized with upload directory: null
2025-07-16 07:56:02 INFO  c.N.S.Service.InternshipOfferService - DocumentService initialized with upload directory: null
2025-07-16 07:59:20 INFO  c.N.S.Service.InternshipOfferService - DocumentService initialized with upload directory: null
2025-07-16 07:59:35 INFO  c.N.S.Service.InternshipOfferService - DocumentService initialized with upload directory: null
2025-07-16 07:59:49 INFO  c.N.S.Service.InternshipOfferService - DocumentService initialized with upload directory: null
2025-07-16 07:59:55 INFO  c.N.S.Service.InternshipOfferService - DocumentService initialized with upload directory: null
2025-07-16 08:00:03 INFO  c.N.S.Service.InternshipOfferService - DocumentService initialized with upload directory: null
2025-07-16 08:14:32 INFO  c.N.S.Service.InternshipOfferService - DocumentService initialized with upload directory: null
2025-07-16 08:15:11 INFO  c.N.S.Service.InternshipOfferService - DocumentService initialized with upload directory: null
2025-07-16 08:15:14 INFO  c.N.S.Service.InternshipOfferService - DocumentService initialized with upload directory: null
2025-07-16 08:16:32 INFO  c.N.S.Service.InternshipOfferService - DocumentService initialized with upload directory: null
2025-07-16 08:16:37 INFO  c.N.S.Service.InternshipOfferService - DocumentService initialized with upload directory: null
2025-07-16 08:41:10 INFO  c.N.S.Service.InternshipOfferService - Attempting to find InternshipOffers for Company ID: 6
2025-07-16 08:49:54 INFO  c.N.S.Service.InternshipOfferService - Attempting to find InternshipOffers for Company ID: 6
2025-07-16 08:54:46 INFO  c.N.S.Service.InternshipOfferService - Attempting to find InternshipOffers for Company ID: 6
2025-07-16 08:59:32 INFO  c.N.S.Service.InternshipOfferService - Attempting to find InternshipOffers for Company ID: 6
2025-07-16 09:00:57 INFO  c.N.S.Service.InternshipOfferService - Attempting to find InternshipOffers for Company ID: 6
2025-07-16 09:03:54 INFO  c.N.S.Service.InternshipOfferService - Attempting to find InternshipOffers for Company ID: 6
2025-07-16 09:05:12 INFO  c.N.S.Service.InternshipOfferService - Attempting to find InternshipOffers for Company ID: 6
2025-07-16 09:15:19 INFO  c.N.S.Service.InternshipOfferService - Attempting to find InternshipOffer with ID: 9
2025-07-16 09:15:59 INFO  c.N.S.Service.InternshipOfferService - Attempting to find InternshipOffer with ID: 9
2025-07-16 09:16:30 INFO  c.N.S.Service.InternshipOfferService - Attempting to find InternshipOffers for Company ID: 6
2025-07-16 09:16:51 INFO  c.N.S.Service.InternshipOfferService - Attempting to change status of InternshipOffer with ID: 42
2025-07-16 09:16:54 INFO  c.N.S.Service.InternshipOfferService - Attempting to change status of InternshipOffer with ID: 42
2025-07-16 09:16:55 INFO  c.N.S.Service.InternshipOfferService - Attempting to change status of InternshipOffer with ID: 42
2025-07-16 09:16:56 INFO  c.N.S.Service.InternshipOfferService - Attempting to change status of InternshipOffer with ID: 42
2025-07-16 09:16:59 INFO  c.N.S.Service.InternshipOfferService - Attempting to find InternshipOffer with ID: 42
2025-07-16 09:17:23 INFO  c.N.S.Service.InternshipOfferService - Attempting to find InternshipOffer with ID: 42
2025-07-16 09:17:24 INFO  c.N.S.Service.InternshipOfferService - Attempting to find InternshipOffers for Company ID: 6
2025-07-16 09:20:35 INFO  c.N.S.Service.InternshipOfferService - Attempting to find InternshipOffers for Company ID: 6
2025-07-16 09:23:12 INFO  c.N.S.Service.InternshipOfferService - Attempting to find InternshipOffers for Company ID: 6
2025-07-16 09:28:43 INFO  c.N.S.Service.InternshipOfferService - Attempting to find InternshipOffers for Company ID: 6
2025-07-16 09:33:14 INFO  c.N.S.Service.InternshipOfferService - Attempting to save a new InternshipOffer: ewrerwerewrerwerewrerwerewrerwer
2025-07-16 09:34:33 INFO  c.N.S.Service.InternshipOfferService - Attempting to save a new InternshipOffer: ddausdhaiushdiauddausdhaiushdiau
2025-07-16 09:34:39 INFO  c.N.S.Service.InternshipOfferService - Attempting to save a new InternshipOffer: ddausdhaiushdiauddausdhaiushdiau
2025-07-16 09:39:43 INFO  c.N.S.Service.InternshipOfferService - Attempting to save a new InternshipOffer: xczx
2025-07-16 09:41:33 INFO  c.N.S.Service.InternshipOfferService - Attempting to save a new InternshipOffer: 
2025-07-16 09:42:22 INFO  c.N.S.Service.InternshipOfferService - Attempting to save a new InternshipOffer: 
2025-07-16 09:42:35 INFO  c.N.S.Service.InternshipOfferService - Attempting to save a new InternshipOffer: fsdfsdfsdfsdfsdfsdf
2025-07-16 09:43:02 INFO  c.N.S.Service.InternshipOfferService - Attempting to save a new InternshipOffer: 
2025-07-16 09:43:05 INFO  c.N.S.Service.InternshipOfferService - Attempting to save a new InternshipOffer: asdasdsad
2025-07-16 09:43:06 INFO  c.N.S.Service.InternshipOfferService - Attempting to save a new InternshipOffer: asdasdsad
2025-07-16 09:44:55 INFO  c.N.S.Service.InternshipOfferService - Attempting to save a new InternshipOffer: 
2025-07-16 09:45:02 INFO  c.N.S.Service.InternshipOfferService - Attempting to save a new InternshipOffer: xczczxc
2025-07-16 09:46:57 INFO  c.N.S.Service.InternshipOfferService - Attempting to find InternshipOffers for Company ID: 6
2025-07-16 09:47:36 INFO  c.N.S.Service.InternshipOfferService - Attempting to save a new InternshipOffer: Offer Create - Document View OKOffer Create - Document View OK
2025-07-16 09:48:56 INFO  c.N.S.Service.InternshipOfferService - Attempting to find InternshipOffers for Company ID: 6
2025-07-16 09:49:52 INFO  c.N.S.Service.InternshipOfferService - Attempting to find InternshipOffers for Company ID: 6
2025-07-16 09:51:44 INFO  c.N.S.Service.InternshipOfferService - Attempting to find InternshipOffers for Company ID: 6
2025-07-16 09:51:45 INFO  c.N.S.Service.InternshipOfferService - Attempting to change status of InternshipOffer with ID: 42
2025-07-16 09:51:46 INFO  c.N.S.Service.InternshipOfferService - Attempting to change status of InternshipOffer with ID: 42
2025-07-16 09:53:18 INFO  c.N.S.Service.InternshipOfferService - Attempting to find InternshipOffer with ID: 9
2025-07-16 10:09:32 INFO  c.N.S.Service.InternshipOfferService - Attempting to find InternshipOffer with ID: 9
2025-07-16 10:09:37 INFO  c.N.S.Service.InternshipOfferService - Attempting to find InternshipOffers for Company ID: 4
2025-07-16 10:22:13 INFO  c.N.S.Service.InternshipOfferService - DocumentService initialized with upload directory: null
2025-07-16 10:22:20 INFO  c.N.S.Service.InternshipOfferService - DocumentService initialized with upload directory: null
2025-07-16 10:22:36 INFO  c.N.S.Service.InternshipOfferService - DocumentService initialized with upload directory: null
2025-07-16 10:26:11 INFO  c.N.S.Service.InternshipOfferService - DocumentService initialized with upload directory: null
2025-07-17 07:46:47 INFO  c.N.S.Service.InternshipOfferService - DocumentService initialized with upload directory: null
2025-07-17 07:46:57 INFO  c.N.S.Service.InternshipOfferService - Attempting to retrieve all InternshipOffers
2025-07-17 08:17:36 INFO  c.N.S.Service.InternshipOfferService - Attempting to retrieve all InternshipOffers
2025-07-17 08:49:25 INFO  c.N.S.Service.InternshipOfferService - DocumentService initialized with upload directory: null
2025-07-17 08:49:29 INFO  c.N.S.Service.InternshipOfferService - DocumentService initialized with upload directory: null
2025-07-17 08:53:08 INFO  c.N.S.Service.InternshipOfferService - Attempting to retrieve all InternshipOffers
2025-07-17 08:57:16 INFO  c.N.S.Service.InternshipOfferService - Attempting to retrieve all InternshipOffers
2025-07-17 09:03:06 INFO  c.N.S.Service.InternshipOfferService - DocumentService initialized with upload directory: null
2025-07-17 09:03:10 INFO  c.N.S.Service.InternshipOfferService - DocumentService initialized with upload directory: null
2025-07-17 09:03:16 INFO  c.N.S.Service.InternshipOfferService - DocumentService initialized with upload directory: null
2025-07-17 09:06:00 INFO  c.N.S.Service.InternshipOfferService - DocumentService initialized with upload directory: null
2025-07-17 09:06:03 INFO  c.N.S.Service.InternshipOfferService - DocumentService initialized with upload directory: null
2025-07-17 09:06:28 INFO  c.N.S.Service.InternshipOfferService - DocumentService initialized with upload directory: null
2025-07-17 09:06:35 INFO  c.N.S.Service.InternshipOfferService - DocumentService initialized with upload directory: null
2025-07-17 09:06:41 INFO  c.N.S.Service.InternshipOfferService - DocumentService initialized with upload directory: null
2025-07-17 09:06:44 INFO  c.N.S.Service.InternshipOfferService - DocumentService initialized with upload directory: null
2025-07-17 09:08:51 INFO  c.N.S.Service.InternshipOfferService - Saving document for candidate: hamilton@techcorp.com
2025-07-17 09:12:30 INFO  c.N.S.Service.InternshipOfferService - DocumentService initialized with upload directory: null
2025-07-17 09:12:34 INFO  c.N.S.Service.InternshipOfferService - DocumentService initialized with upload directory: null
2025-07-17 09:12:37 INFO  c.N.S.Service.InternshipOfferService - DocumentService initialized with upload directory: null
2025-07-17 09:12:44 INFO  c.N.S.Service.InternshipOfferService - DocumentService initialized with upload directory: null
2025-07-17 09:13:44 INFO  c.N.S.Service.InternshipOfferService - DocumentService initialized with upload directory: null
2025-07-17 09:13:53 INFO  c.N.S.Service.InternshipOfferService - DocumentService initialized with upload directory: null
2025-07-17 09:13:57 INFO  c.N.S.Service.InternshipOfferService - DocumentService initialized with upload directory: null
2025-07-17 09:14:12 INFO  c.N.S.Service.InternshipOfferService - DocumentService initialized with upload directory: null
2025-07-17 09:14:16 INFO  c.N.S.Service.InternshipOfferService - DocumentService initialized with upload directory: null
2025-07-17 09:14:20 INFO  c.N.S.Service.InternshipOfferService - DocumentService initialized with upload directory: null
2025-07-17 09:14:36 INFO  c.N.S.Service.InternshipOfferService - DocumentService initialized with upload directory: null
2025-07-17 09:14:39 INFO  c.N.S.Service.InternshipOfferService - DocumentService initialized with upload directory: null
2025-07-17 09:15:11 INFO  c.N.S.Service.InternshipOfferService - DocumentService initialized with upload directory: null
2025-07-17 09:15:24 INFO  c.N.S.Service.InternshipOfferService - DocumentService initialized with upload directory: null
2025-07-17 09:15:32 INFO  c.N.S.Service.InternshipOfferService - DocumentService initialized with upload directory: null
2025-07-17 09:15:55 INFO  c.N.S.Service.InternshipOfferService - DocumentService initialized with upload directory: null
2025-07-17 09:16:02 INFO  c.N.S.Service.InternshipOfferService - DocumentService initialized with upload directory: null
2025-07-17 09:16:55 INFO  c.N.S.Service.InternshipOfferService - DocumentService initialized with upload directory: null
2025-07-17 09:16:59 INFO  c.N.S.Service.InternshipOfferService - DocumentService initialized with upload directory: null
2025-07-17 09:32:57 INFO  c.N.S.Service.InternshipOfferService - Attempting to find InternshipOffers for Company ID: 4
2025-07-17 09:33:02 INFO  c.N.S.Service.InternshipOfferService - Attempting to find InternshipOffers for Company ID: 6
2025-07-17 09:33:14 INFO  c.N.S.Service.InternshipOfferService - Attempting to find InternshipOffers for Company ID: 6
2025-07-17 09:38:02 INFO  c.N.S.Service.InternshipOfferService - Attempting to find InternshipOffers for Company ID: 6
2025-07-17 09:46:08 INFO  c.N.S.Service.InternshipOfferService - Attempting to retrieve all InternshipOffers
