2025-07-12T08:46:04.545+01:00  INFO 24436 --- [SkillBridge] [restartedMain] c.N.SkillBridge.SkillBridgeApplication   : Starting SkillBridgeApplication using Java 24.0.1 with PID 24436 (C:\Users\DevProjApi\target\classes started by User in C:\Users\DevProjApi)
2025-07-12T08:46:04.564+01:00  INFO 24436 --- [SkillBridge] [restartedMain] c.N.SkillBridge.SkillBridgeApplication   : No active profile set, falling back to 1 default profile: "default"
2025-07-12T08:46:04.820+01:00  INFO 24436 --- [SkillBridge] [restartedMain] .e.DevToolsPropertyDefaultsPostProcessor : Devtools property defaults active! Set 'spring.devtools.add-properties' to 'false' to disable
2025-07-12T08:46:04.825+01:00  INFO 24436 --- [SkillBridge] [restartedMain] .e.DevToolsPropertyDefaultsPostProcessor : For additional web related logging consider setting the 'logging.level.web' property to 'DEBUG'
2025-07-12T08:46:07.592+01:00  INFO 24436 --- [SkillBridge] [restartedMain] .s.d.r.c.RepositoryConfigurationDelegate : Bootstrapping Spring Data JPA repositories in DEFAULT mode.
2025-07-12T08:46:07.815+01:00  INFO 24436 --- [SkillBridge] [restartedMain] .s.d.r.c.RepositoryConfigurationDelegate : Finished Spring Data repository scanning in 203 ms. Found 6 JPA repository interfaces.
2025-07-12T08:46:10.647+01:00  INFO 24436 --- [SkillBridge] [restartedMain] o.s.b.w.embedded.tomcat.TomcatWebServer  : Tomcat initialized with port 8080 (http)
2025-07-12T08:46:10.707+01:00  INFO 24436 --- [SkillBridge] [restartedMain] o.apache.catalina.core.StandardService   : Starting service [Tomcat]
2025-07-12T08:46:10.709+01:00  INFO 24436 --- [SkillBridge] [restartedMain] o.apache.catalina.core.StandardEngine    : Starting Servlet engine: [Apache Tomcat/10.1.42]
2025-07-12T08:46:10.883+01:00  INFO 24436 --- [SkillBridge] [restartedMain] o.a.c.c.C.[Tomcat].[localhost].[/]       : Initializing Spring embedded WebApplicationContext
2025-07-12T08:46:10.884+01:00  INFO 24436 --- [SkillBridge] [restartedMain] w.s.c.ServletWebServerApplicationContext : Root WebApplicationContext: initialization completed in 6053 ms
2025-07-12T08:46:11.567+01:00  INFO 24436 --- [SkillBridge] [restartedMain] o.hibernate.jpa.internal.util.LogHelper  : HHH000204: Processing PersistenceUnitInfo [name: default]
2025-07-12T08:46:11.738+01:00  INFO 24436 --- [SkillBridge] [restartedMain] org.hibernate.Version                    : HHH000412: Hibernate ORM core version 6.6.18.Final
2025-07-12T08:46:11.831+01:00  INFO 24436 --- [SkillBridge] [restartedMain] o.h.c.internal.RegionFactoryInitiator    : HHH000026: Second-level cache disabled
2025-07-12T08:46:12.756+01:00  INFO 24436 --- [SkillBridge] [restartedMain] o.s.o.j.p.SpringPersistenceUnitInfo      : No LoadTimeWeaver setup: ignoring JPA class transformer
2025-07-12T08:46:12.893+01:00  INFO 24436 --- [SkillBridge] [restartedMain] com.zaxxer.hikari.HikariDataSource       : HikariPool-1 - Starting...
2025-07-12T08:46:13.616+01:00  INFO 24436 --- [SkillBridge] [restartedMain] com.zaxxer.hikari.pool.HikariPool        : HikariPool-1 - Added connection conn0: url=jdbc:h2:file:./data/SkillBridgedb user=SA
2025-07-12T08:46:13.630+01:00  INFO 24436 --- [SkillBridge] [restartedMain] com.zaxxer.hikari.HikariDataSource       : HikariPool-1 - Start completed.
2025-07-12T08:46:13.790+01:00  WARN 24436 --- [SkillBridge] [restartedMain] org.hibernate.orm.deprecation            : HHH90000025: H2Dialect does not need to be specified explicitly using 'hibernate.dialect' (remove the property setting and it will be selected by default)
2025-07-12T08:46:13.981+01:00  INFO 24436 --- [SkillBridge] [restartedMain] org.hibernate.orm.connections.pooling    : HHH10001005: Database info:
	Database JDBC URL [Connecting through datasource 'HikariDataSource (HikariPool-1)']
	Database driver: undefined/unknown
	Database version: 2.3.232
	Autocommit mode: undefined/unknown
	Isolation level: undefined/unknown
	Minimum pool size: undefined/unknown
	Maximum pool size: undefined/unknown
2025-07-12T08:46:16.452+01:00  INFO 24436 --- [SkillBridge] [restartedMain] o.h.e.t.j.p.i.JtaPlatformInitiator       : HHH000489: No JTA platform available (set 'hibernate.transaction.jta.platform' to enable JTA platform integration)
2025-07-12T08:46:16.551+01:00  INFO 24436 --- [SkillBridge] [restartedMain] j.LocalContainerEntityManagerFactoryBean : Initialized JPA EntityManagerFactory for persistence unit 'default'
2025-07-12T08:46:17.863+01:00  INFO 24436 --- [SkillBridge] [restartedMain] eAuthenticationProviderManagerConfigurer : Global AuthenticationManager configured with AuthenticationProvider bean with name authenticationProvider
2025-07-12T08:46:18.082+01:00  WARN 24436 --- [SkillBridge] [restartedMain] JpaBaseConfiguration$JpaWebConfiguration : spring.jpa.open-in-view is enabled by default. Therefore, database queries may be performed during view rendering. Explicitly configure spring.jpa.open-in-view to disable this warning
2025-07-12T08:46:19.531+01:00  WARN 24436 --- [SkillBridge] [restartedMain] ion$DefaultTemplateResolverConfiguration : Cannot find template location: classpath:/templates/ (please add some templates, check your Thymeleaf configuration, or set spring.thymeleaf.check-template-location=false)
2025-07-12T08:46:19.740+01:00  INFO 24436 --- [SkillBridge] [restartedMain] o.s.b.a.h2.H2ConsoleAutoConfiguration    : H2 console available at '/h2-console'. Database available at 'jdbc:h2:file:./data/SkillBridgedb'
2025-07-12T08:46:20.120+01:00  INFO 24436 --- [SkillBridge] [restartedMain] o.s.b.d.a.OptionalLiveReloadServer       : LiveReload server is running on port 35729
2025-07-12T08:46:20.226+01:00  INFO 24436 --- [SkillBridge] [restartedMain] o.s.b.w.embedded.tomcat.TomcatWebServer  : Tomcat started on port 8080 (http) with context path '/'
2025-07-12T08:46:20.266+01:00  INFO 24436 --- [SkillBridge] [restartedMain] c.N.SkillBridge.SkillBridgeApplication   : Started SkillBridgeApplication in 16.887 seconds (process running for 17.713)
2025-07-12T08:46:46.869+01:00  INFO 24436 --- [SkillBridge] [http-nio-8080-exec-2] o.a.c.c.C.[Tomcat].[localhost].[/]       : Initializing Spring DispatcherServlet 'dispatcherServlet'
2025-07-12T08:46:46.886+01:00  INFO 24436 --- [SkillBridge] [http-nio-8080-exec-2] o.s.web.servlet.DispatcherServlet        : Initializing Servlet 'dispatcherServlet'
2025-07-12T08:46:46.947+01:00  INFO 24436 --- [SkillBridge] [http-nio-8080-exec-2] o.s.web.servlet.DispatcherServlet        : Completed initialization in 4 ms
2025-07-12T08:47:22.148+01:00  INFO 24436 --- [SkillBridge] [http-nio-8080-exec-3] c.N.SkillBridge.Service.UserService      : Starting user registration for email: alineh@example.com
2025-07-12T08:47:22.984+01:00  INFO 24436 --- [SkillBridge] [http-nio-8080-exec-3] c.N.SkillBridge.Service.UserService      : User registered successfully: alineh@example.com
2025-07-12T08:48:40.257+01:00  INFO 24436 --- [SkillBridge] [http-nio-8080-exec-6] c.N.SkillBridge.Service.UserService      : Starting user registration for email: alineh@example.com
2025-07-12T08:59:16.023+01:00  INFO 24436 --- [SkillBridge] [File Watcher] rtingClassPathChangeChangedEventListener : Restarting due to 1 class path change (1 addition, 0 deletions, 0 modifications)
2025-07-12T08:59:16.128+01:00  INFO 24436 --- [SkillBridge] [Thread-6] o.s.b.w.e.tomcat.GracefulShutdown        : Commencing graceful shutdown. Waiting for active requests to complete
2025-07-12T08:59:16.191+01:00  INFO 24436 --- [SkillBridge] [tomcat-shutdown] o.s.b.w.e.tomcat.GracefulShutdown        : Graceful shutdown complete
2025-07-12T08:59:16.262+01:00  INFO 24436 --- [SkillBridge] [Thread-6] j.LocalContainerEntityManagerFactoryBean : Closing JPA EntityManagerFactory for persistence unit 'default'
2025-07-12T08:59:16.354+01:00  INFO 24436 --- [SkillBridge] [Thread-6] com.zaxxer.hikari.HikariDataSource       : HikariPool-1 - Shutdown initiated...
2025-07-12T08:59:16.464+01:00  INFO 24436 --- [SkillBridge] [Thread-6] com.zaxxer.hikari.HikariDataSource       : HikariPool-1 - Shutdown completed.
2025-07-12T09:07:44.209+01:00  INFO 24436 --- [SkillBridge] [restartedMain] c.N.SkillBridge.SkillBridgeApplication   : Starting SkillBridgeApplication using Java 24.0.1 with PID 24436 (C:\Users\DevProjApi\target\classes started by User in C:\Users\DevProjApi)
2025-07-12T09:07:44.306+01:00  INFO 24436 --- [SkillBridge] [restartedMain] c.N.SkillBridge.SkillBridgeApplication   : No active profile set, falling back to 1 default profile: "default"
2025-07-12T09:07:45.731+01:00  INFO 24436 --- [SkillBridge] [restartedMain] .s.d.r.c.RepositoryConfigurationDelegate : Bootstrapping Spring Data JPA repositories in DEFAULT mode.
2025-07-12T09:07:45.861+01:00  INFO 24436 --- [SkillBridge] [restartedMain] .s.d.r.c.RepositoryConfigurationDelegate : Finished Spring Data repository scanning in 126 ms. Found 6 JPA repository interfaces.
2025-07-12T09:07:46.191+01:00  INFO 24436 --- [SkillBridge] [restartedMain] o.s.b.w.embedded.tomcat.TomcatWebServer  : Tomcat initialized with port 8080 (http)
2025-07-12T09:07:46.203+01:00  INFO 24436 --- [SkillBridge] [restartedMain] o.apache.catalina.core.StandardService   : Starting service [Tomcat]
2025-07-12T09:07:46.240+01:00  INFO 24436 --- [SkillBridge] [restartedMain] o.apache.catalina.core.StandardEngine    : Starting Servlet engine: [Apache Tomcat/10.1.42]
2025-07-12T09:07:46.327+01:00  INFO 24436 --- [SkillBridge] [restartedMain] o.a.c.c.C.[Tomcat].[localhost].[/]       : Initializing Spring embedded WebApplicationContext
2025-07-12T09:07:46.330+01:00  INFO 24436 --- [SkillBridge] [restartedMain] w.s.c.ServletWebServerApplicationContext : Root WebApplicationContext: initialization completed in 1956 ms
2025-07-12T09:07:46.463+01:00  INFO 24436 --- [SkillBridge] [restartedMain] o.hibernate.jpa.internal.util.LogHelper  : HHH000204: Processing PersistenceUnitInfo [name: default]
2025-07-12T09:07:46.474+01:00  INFO 24436 --- [SkillBridge] [restartedMain] o.h.c.internal.RegionFactoryInitiator    : HHH000026: Second-level cache disabled
2025-07-12T09:07:46.518+01:00  INFO 24436 --- [SkillBridge] [restartedMain] o.s.o.j.p.SpringPersistenceUnitInfo      : No LoadTimeWeaver setup: ignoring JPA class transformer
2025-07-12T09:07:46.524+01:00  INFO 24436 --- [SkillBridge] [restartedMain] com.zaxxer.hikari.HikariDataSource       : HikariPool-5 - Starting...
2025-07-12T09:07:46.590+01:00  INFO 24436 --- [SkillBridge] [restartedMain] com.zaxxer.hikari.pool.HikariPool        : HikariPool-5 - Added connection conn40: url=jdbc:h2:file:./data/SkillBridgedb user=SA
2025-07-12T09:07:46.591+01:00  INFO 24436 --- [SkillBridge] [restartedMain] com.zaxxer.hikari.HikariDataSource       : HikariPool-5 - Start completed.
2025-07-12T09:07:46.593+01:00  WARN 24436 --- [SkillBridge] [restartedMain] org.hibernate.orm.deprecation            : HHH90000025: H2Dialect does not need to be specified explicitly using 'hibernate.dialect' (remove the property setting and it will be selected by default)
2025-07-12T09:07:46.594+01:00  INFO 24436 --- [SkillBridge] [restartedMain] org.hibernate.orm.connections.pooling    : HHH10001005: Database info:
	Database JDBC URL [Connecting through datasource 'HikariDataSource (HikariPool-5)']
	Database driver: undefined/unknown
	Database version: 2.3.232
	Autocommit mode: undefined/unknown
	Isolation level: undefined/unknown
	Minimum pool size: undefined/unknown
	Maximum pool size: undefined/unknown
2025-07-12T09:07:46.999+01:00  INFO 24436 --- [SkillBridge] [restartedMain] o.h.e.t.j.p.i.JtaPlatformInitiator       : HHH000489: No JTA platform available (set 'hibernate.transaction.jta.platform' to enable JTA platform integration)
2025-07-12T09:07:47.010+01:00  INFO 24436 --- [SkillBridge] [restartedMain] j.LocalContainerEntityManagerFactoryBean : Initialized JPA EntityManagerFactory for persistence unit 'default'
2025-07-12T09:07:47.399+01:00  INFO 24436 --- [SkillBridge] [restartedMain] eAuthenticationProviderManagerConfigurer : Global AuthenticationManager configured with AuthenticationProvider bean with name authenticationProvider
2025-07-12T09:07:47.555+01:00  WARN 24436 --- [SkillBridge] [restartedMain] JpaBaseConfiguration$JpaWebConfiguration : spring.jpa.open-in-view is enabled by default. Therefore, database queries may be performed during view rendering. Explicitly configure spring.jpa.open-in-view to disable this warning
2025-07-12T09:07:47.759+01:00  WARN 24436 --- [SkillBridge] [restartedMain] ion$DefaultTemplateResolverConfiguration : Cannot find template location: classpath:/templates/ (please add some templates, check your Thymeleaf configuration, or set spring.thymeleaf.check-template-location=false)
2025-07-12T09:07:47.807+01:00  INFO 24436 --- [SkillBridge] [restartedMain] o.s.b.a.h2.H2ConsoleAutoConfiguration    : H2 console available at '/h2-console'. Database available at 'jdbc:h2:file:./data/SkillBridgedb'
2025-07-12T09:07:47.881+01:00  INFO 24436 --- [SkillBridge] [restartedMain] o.s.b.d.a.OptionalLiveReloadServer       : LiveReload server is running on port 35729
2025-07-12T09:07:47.895+01:00  INFO 24436 --- [SkillBridge] [restartedMain] o.s.b.w.embedded.tomcat.TomcatWebServer  : Tomcat started on port 8080 (http) with context path '/'
2025-07-12T09:07:47.901+01:00  INFO 24436 --- [SkillBridge] [restartedMain] c.N.SkillBridge.SkillBridgeApplication   : Started SkillBridgeApplication in 4.152 seconds (process running for 1305.352)
2025-07-12T09:07:47.905+01:00  INFO 24436 --- [SkillBridge] [restartedMain] .ConditionEvaluationDeltaLoggingListener : Condition evaluation unchanged
2025-07-12T09:10:13.538+01:00  INFO 24436 --- [SkillBridge] [File Watcher] rtingClassPathChangeChangedEventListener : Restarting due to 1 class path change (1 addition, 0 deletions, 0 modifications)
2025-07-12T09:10:13.542+01:00  INFO 24436 --- [SkillBridge] [Thread-22] o.s.b.w.e.tomcat.GracefulShutdown        : Commencing graceful shutdown. Waiting for active requests to complete
2025-07-12T09:10:13.553+01:00  INFO 24436 --- [SkillBridge] [tomcat-shutdown] o.s.b.w.e.tomcat.GracefulShutdown        : Graceful shutdown complete
2025-07-12T09:10:13.597+01:00  INFO 24436 --- [SkillBridge] [Thread-22] j.LocalContainerEntityManagerFactoryBean : Closing JPA EntityManagerFactory for persistence unit 'default'
2025-07-12T09:10:13.610+01:00  INFO 24436 --- [SkillBridge] [Thread-22] com.zaxxer.hikari.HikariDataSource       : HikariPool-5 - Shutdown initiated...
2025-07-12T09:10:13.700+01:00  INFO 24436 --- [SkillBridge] [Thread-22] com.zaxxer.hikari.HikariDataSource       : HikariPool-5 - Shutdown completed.
